{"C:\\Users\\Chun Kang\\Desktop\\DVOPS_Project\\index.js":{"path":"C:\\Users\\Chun Kang\\Desktop\\DVOPS_Project\\index.js","statementMap":{"0":{"start":{"line":1,"column":14},"end":{"line":1,"column":32}},"1":{"start":{"line":2,"column":17},"end":{"line":2,"column":39}},"2":{"start":{"line":3,"column":10},"end":{"line":3,"column":19}},"3":{"start":{"line":4,"column":15},"end":{"line":4,"column":34}},"4":{"start":{"line":6,"column":13},"end":{"line":6,"column":37}},"5":{"start":{"line":7,"column":16},"end":{"line":7,"column":28}},"6":{"start":{"line":9,"column":0},"end":{"line":9,"column":51}},"7":{"start":{"line":10,"column":0},"end":{"line":10,"column":27}},"8":{"start":{"line":11,"column":0},"end":{"line":11,"column":36}},"9":{"start":{"line":13,"column":22},"end":{"line":13,"column":55}},"10":{"start":{"line":14,"column":0},"end":{"line":14,"column":25}},"11":{"start":{"line":16,"column":28},"end":{"line":16,"column":55}},"12":{"start":{"line":17,"column":0},"end":{"line":17,"column":32}},"13":{"start":{"line":18,"column":0},"end":{"line":18,"column":26}},"14":{"start":{"line":20,"column":29},"end":{"line":20,"column":63}},"15":{"start":{"line":21,"column":0},"end":{"line":21,"column":47}},"16":{"start":{"line":22,"column":0},"end":{"line":24,"column":3}},"17":{"start":{"line":23,"column":2},"end":{"line":23,"column":51}},"18":{"start":{"line":31,"column":4},"end":{"line":31,"column":38}},"19":{"start":{"line":33,"column":0},"end":{"line":33,"column":35}},"20":{"start":{"line":35,"column":0},"end":{"line":35,"column":40}},"21":{"start":{"line":37,"column":0},"end":{"line":37,"column":47}},"22":{"start":{"line":44,"column":4},"end":{"line":44,"column":34}},"23":{"start":{"line":46,"column":0},"end":{"line":46,"column":37}},"24":{"start":{"line":49,"column":0},"end":{"line":49,"column":42}},"25":{"start":{"line":52,"column":0},"end":{"line":52,"column":49}},"26":{"start":{"line":55,"column":15},"end":{"line":59,"column":2}},"27":{"start":{"line":56,"column":2},"end":{"line":56,"column":43}},"28":{"start":{"line":57,"column":2},"end":{"line":57,"column":43}},"29":{"start":{"line":58,"column":2},"end":{"line":58,"column":38}},"30":{"start":{"line":60,"column":0},"end":{"line":60,"column":33}}},"fnMap":{"0":{"name":"(anonymous_0)","decl":{"start":{"line":22,"column":13},"end":{"line":22,"column":14}},"loc":{"start":{"line":22,"column":27},"end":{"line":24,"column":1}},"line":22},"1":{"name":"(anonymous_1)","decl":{"start":{"line":55,"column":32},"end":{"line":55,"column":33}},"loc":{"start":{"line":55,"column":44},"end":{"line":59,"column":1}},"line":55}},"branchMap":{"0":{"loc":{"start":{"line":6,"column":13},"end":{"line":6,"column":37}},"type":"binary-expr","locations":[{"start":{"line":6,"column":13},"end":{"line":6,"column":29}},{"start":{"line":6,"column":33},"end":{"line":6,"column":37}}],"line":6}},"s":{"0":0,"1":0,"2":0,"3":0,"4":0,"5":0,"6":0,"7":0,"8":0,"9":0,"10":0,"11":0,"12":0,"13":0,"14":0,"15":0,"16":0,"17":0,"18":0,"19":0,"20":0,"21":0,"22":0,"23":0,"24":0,"25":0,"26":0,"27":0,"28":0,"29":0,"30":0},"f":{"0":0,"1":0},"b":{"0":[0,0]},"all":true},"C:\\Users\\Chun Kang\\Desktop\\DVOPS_Project\\public\\instrumented\\js\\income.js":{"path":"C:\\Users\\Chun Kang\\Desktop\\DVOPS_Project\\public\\instrumented\\js\\income.js","statementMap":{"0":{"start":{"line":1,"column":35},"end":{"line":1,"column":104}},"1":{"start":{"line":1,"column":114},"end":{"line":1,"column":156}},"2":{"start":{"line":1,"column":168},"end":{"line":1,"column":197}},"3":{"start":{"line":1,"column":206},"end":{"line":1,"column":220}},"4":{"start":{"line":1,"column":238},"end":{"line":1,"column":11748}},"5":{"start":{"line":1,"column":11762},"end":{"line":1,"column":11791}},"6":{"start":{"line":1,"column":11792},"end":{"line":1,"column":11869}},"7":{"start":{"line":1,"column":11840},"end":{"line":1,"column":11868}},"8":{"start":{"line":1,"column":11888},"end":{"line":1,"column":11902}},"9":{"start":{"line":2,"column":0},"end":{"line":2,"column":50}},"10":{"start":{"line":2,"column":26},"end":{"line":2,"column":48}},"11":{"start":{"line":2,"column":51},"end":{"line":2,"column":73}},"12":{"start":{"line":2,"column":74},"end":{"line":2,"column":91}},"13":{"start":{"line":3,"column":32},"end":{"line":3,"column":56}},"14":{"start":{"line":4,"column":18},"end":{"line":4,"column":86}},"15":{"start":{"line":4,"column":108},"end":{"line":4,"column":190}},"16":{"start":{"line":4,"column":206},"end":{"line":4,"column":269}},"17":{"start":{"line":4,"column":289},"end":{"line":4,"column":357}},"18":{"start":{"line":4,"column":378},"end":{"line":4,"column":446}},"19":{"start":{"line":5,"column":0},"end":{"line":5,"column":24}},"20":{"start":{"line":5,"column":24},"end":{"line":5,"column":353}},"21":{"start":{"line":5,"column":192},"end":{"line":5,"column":219}},"22":{"start":{"line":5,"column":219},"end":{"line":5,"column":243}},"23":{"start":{"line":5,"column":243},"end":{"line":5,"column":288}},"24":{"start":{"line":5,"column":288},"end":{"line":5,"column":312}},"25":{"start":{"line":5,"column":312},"end":{"line":5,"column":319}},"26":{"start":{"line":5,"column":325},"end":{"line":5,"column":352}},"27":{"start":{"line":6,"column":0},"end":{"line":6,"column":24}},"28":{"start":{"line":6,"column":24},"end":{"line":6,"column":290}},"29":{"start":{"line":6,"column":123},"end":{"line":6,"column":150}},"30":{"start":{"line":6,"column":150},"end":{"line":6,"column":174}},"31":{"start":{"line":6,"column":174},"end":{"line":6,"column":224}},"32":{"start":{"line":6,"column":224},"end":{"line":6,"column":249}},"33":{"start":{"line":6,"column":249},"end":{"line":6,"column":256}},"34":{"start":{"line":6,"column":262},"end":{"line":6,"column":289}},"35":{"start":{"line":7,"column":0},"end":{"line":7,"column":25}},"36":{"start":{"line":7,"column":25},"end":{"line":7,"column":37}},"37":{"start":{"line":8,"column":21},"end":{"line":8,"column":45}},"38":{"start":{"line":8,"column":59},"end":{"line":8,"column":86}},"39":{"start":{"line":9,"column":14},"end":{"line":10,"column":50}},"40":{"start":{"line":11,"column":13},"end":{"line":11,"column":58}},"41":{"start":{"line":12,"column":0},"end":{"line":12,"column":25}},"42":{"start":{"line":12,"column":25},"end":{"line":12,"column":65}},"43":{"start":{"line":12,"column":65},"end":{"line":12,"column":90}},"44":{"start":{"line":12,"column":90},"end":{"line":12,"column":150}},"45":{"start":{"line":13,"column":0},"end":{"line":13,"column":25}},"46":{"start":{"line":13,"column":25},"end":{"line":16,"column":251}},"47":{"start":{"line":13,"column":51},"end":{"line":13,"column":75}},"48":{"start":{"line":13,"column":75},"end":{"line":13,"column":100}},"49":{"start":{"line":13,"column":100},"end":{"line":13,"column":142}},"50":{"start":{"line":13,"column":142},"end":{"line":13,"column":167}},"51":{"start":{"line":13,"column":167},"end":{"line":13,"column":189}},"52":{"start":{"line":14,"column":16},"end":{"line":14,"column":68}},"53":{"start":{"line":14,"column":70},"end":{"line":14,"column":95}},"54":{"start":{"line":14,"column":95},"end":{"line":15,"column":49}},"55":{"start":{"line":14,"column":500},"end":{"line":14,"column":527}},"56":{"start":{"line":14,"column":527},"end":{"line":14,"column":552}},"57":{"start":{"line":14,"column":552},"end":{"line":14,"column":601}},"58":{"start":{"line":14,"column":601},"end":{"line":14,"column":626}},"59":{"start":{"line":14,"column":626},"end":{"line":14,"column":644}},"60":{"start":{"line":14,"column":650},"end":{"line":14,"column":677}},"61":{"start":{"line":14,"column":677},"end":{"line":14,"column":702}},"62":{"start":{"line":15,"column":0},"end":{"line":15,"column":48}},"63":{"start":{"line":16,"column":0},"end":{"line":16,"column":25}},"64":{"start":{"line":16,"column":25},"end":{"line":16,"column":249}},"65":{"start":{"line":16,"column":47},"end":{"line":16,"column":71}},"66":{"start":{"line":16,"column":71},"end":{"line":16,"column":96}},"67":{"start":{"line":16,"column":96},"end":{"line":16,"column":152}},"68":{"start":{"line":16,"column":152},"end":{"line":16,"column":177}},"69":{"start":{"line":16,"column":177},"end":{"line":16,"column":241}},"70":{"start":{"line":17,"column":0},"end":{"line":17,"column":25}},"71":{"start":{"line":17,"column":25},"end":{"line":17,"column":64}},"72":{"start":{"line":18,"column":30},"end":{"line":18,"column":54}},"73":{"start":{"line":18,"column":68},"end":{"line":18,"column":95}},"74":{"start":{"line":18,"column":113},"end":{"line":18,"column":166}},"75":{"start":{"line":19,"column":14},"end":{"line":20,"column":57}},"76":{"start":{"line":21,"column":0},"end":{"line":21,"column":25}},"77":{"start":{"line":21,"column":25},"end":{"line":21,"column":375}},"78":{"start":{"line":21,"column":212},"end":{"line":21,"column":239}},"79":{"start":{"line":21,"column":239},"end":{"line":21,"column":264}},"80":{"start":{"line":21,"column":264},"end":{"line":21,"column":309}},"81":{"start":{"line":21,"column":309},"end":{"line":21,"column":334}},"82":{"start":{"line":21,"column":334},"end":{"line":21,"column":341}},"83":{"start":{"line":21,"column":347},"end":{"line":21,"column":374}},"84":{"start":{"line":22,"column":13},"end":{"line":22,"column":58}},"85":{"start":{"line":23,"column":0},"end":{"line":23,"column":25}},"86":{"start":{"line":23,"column":25},"end":{"line":23,"column":77}},"87":{"start":{"line":23,"column":77},"end":{"line":23,"column":102}},"88":{"start":{"line":23,"column":102},"end":{"line":23,"column":162}},"89":{"start":{"line":24,"column":0},"end":{"line":24,"column":25}},"90":{"start":{"line":24,"column":25},"end":{"line":26,"column":78}},"91":{"start":{"line":24,"column":51},"end":{"line":24,"column":75}},"92":{"start":{"line":24,"column":75},"end":{"line":24,"column":100}},"93":{"start":{"line":24,"column":100},"end":{"line":24,"column":142}},"94":{"start":{"line":24,"column":142},"end":{"line":24,"column":167}},"95":{"start":{"line":24,"column":167},"end":{"line":24,"column":189}},"96":{"start":{"line":25,"column":0},"end":{"line":25,"column":25}},"97":{"start":{"line":25,"column":25},"end":{"line":26,"column":76}},"98":{"start":{"line":25,"column":79},"end":{"line":25,"column":106}},"99":{"start":{"line":25,"column":106},"end":{"line":25,"column":131}},"100":{"start":{"line":25,"column":131},"end":{"line":25,"column":178}},"101":{"start":{"line":25,"column":178},"end":{"line":25,"column":203}},"102":{"start":{"line":25,"column":203},"end":{"line":25,"column":242}},"103":{"start":{"line":25,"column":248},"end":{"line":25,"column":275}},"104":{"start":{"line":25,"column":275},"end":{"line":25,"column":300}},"105":{"start":{"line":26,"column":0},"end":{"line":26,"column":75}},"106":{"start":{"line":27,"column":0},"end":{"line":27,"column":25}},"107":{"start":{"line":27,"column":25},"end":{"line":27,"column":64}},"108":{"start":{"line":28,"column":39},"end":{"line":28,"column":63}},"109":{"start":{"line":28,"column":79},"end":{"line":28,"column":136}},"110":{"start":{"line":28,"column":150},"end":{"line":28,"column":196}},"111":{"start":{"line":28,"column":198},"end":{"line":28,"column":223}},"112":{"start":{"line":28,"column":223},"end":{"line":28,"column":644}},"113":{"start":{"line":28,"column":234},"end":{"line":28,"column":260}},"114":{"start":{"line":28,"column":291},"end":{"line":28,"column":323}},"115":{"start":{"line":28,"column":325},"end":{"line":28,"column":350}},"116":{"start":{"line":28,"column":350},"end":{"line":28,"column":643}},"117":{"start":{"line":28,"column":373},"end":{"line":28,"column":400}},"118":{"start":{"line":28,"column":400},"end":{"line":28,"column":425}},"119":{"start":{"line":28,"column":425},"end":{"line":28,"column":463}},"120":{"start":{"line":28,"column":463},"end":{"line":28,"column":488}},"121":{"start":{"line":28,"column":488},"end":{"line":28,"column":542}},"122":{"start":{"line":28,"column":542},"end":{"line":28,"column":567}},"123":{"start":{"line":28,"column":567},"end":{"line":28,"column":609}},"124":{"start":{"line":28,"column":615},"end":{"line":28,"column":642}},"125":{"start":{"line":29,"column":32},"end":{"line":29,"column":56}},"126":{"start":{"line":29,"column":68},"end":{"line":29,"column":137}},"127":{"start":{"line":29,"column":139},"end":{"line":29,"column":164}},"128":{"start":{"line":29,"column":164},"end":{"line":29,"column":226}},"129":{"start":{"line":29,"column":226},"end":{"line":29,"column":251}},"130":{"start":{"line":29,"column":251},"end":{"line":29,"column":317}},"131":{"start":{"line":29,"column":317},"end":{"line":29,"column":342}},"132":{"start":{"line":29,"column":342},"end":{"line":29,"column":401}},"133":{"start":{"line":29,"column":401},"end":{"line":29,"column":426}},"134":{"start":{"line":29,"column":426},"end":{"line":29,"column":488}},"135":{"start":{"line":29,"column":488},"end":{"line":29,"column":513}},"136":{"start":{"line":29,"column":513},"end":{"line":29,"column":582}},"137":{"start":{"line":30,"column":38},"end":{"line":30,"column":62}},"138":{"start":{"line":30,"column":78},"end":{"line":30,"column":135}},"139":{"start":{"line":30,"column":149},"end":{"line":30,"column":195}},"140":{"start":{"line":30,"column":197},"end":{"line":30,"column":222}},"141":{"start":{"line":30,"column":222},"end":{"line":30,"column":240}},"142":{"start":{"line":30,"column":257},"end":{"line":30,"column":283}},"143":{"start":{"line":30,"column":285},"end":{"line":30,"column":310}},"144":{"start":{"line":30,"column":310},"end":{"line":42,"column":146}},"145":{"start":{"line":30,"column":321},"end":{"line":30,"column":347}},"146":{"start":{"line":30,"column":378},"end":{"line":30,"column":410}},"147":{"start":{"line":30,"column":412},"end":{"line":30,"column":437}},"148":{"start":{"line":30,"column":437},"end":{"line":42,"column":145}},"149":{"start":{"line":30,"column":462},"end":{"line":30,"column":490}},"150":{"start":{"line":30,"column":490},"end":{"line":30,"column":515}},"151":{"start":{"line":30,"column":515},"end":{"line":30,"column":540}},"152":{"start":{"line":30,"column":540},"end":{"line":30,"column":565}},"153":{"start":{"line":30,"column":565},"end":{"line":30,"column":590}},"154":{"start":{"line":31,"column":19},"end":{"line":31,"column":73}},"155":{"start":{"line":31,"column":75},"end":{"line":31,"column":100}},"156":{"start":{"line":31,"column":100},"end":{"line":31,"column":133}},"157":{"start":{"line":31,"column":133},"end":{"line":31,"column":158}},"158":{"start":{"line":31,"column":158},"end":{"line":31,"column":189}},"159":{"start":{"line":31,"column":189},"end":{"line":31,"column":214}},"160":{"start":{"line":31,"column":214},"end":{"line":42,"column":14}},"161":{"start":{"line":42,"column":14},"end":{"line":42,"column":39}},"162":{"start":{"line":42,"column":39},"end":{"line":42,"column":110}},"163":{"start":{"line":42,"column":116},"end":{"line":42,"column":144}},"164":{"start":{"line":42,"column":146},"end":{"line":42,"column":171}},"165":{"start":{"line":42,"column":171},"end":{"line":42,"column":190}},"166":{"start":{"line":43,"column":29},"end":{"line":43,"column":53}},"167":{"start":{"line":43,"column":53},"end":{"line":43,"column":78}},"168":{"start":{"line":43,"column":78},"end":{"line":43,"column":252}},"169":{"start":{"line":43,"column":120},"end":{"line":43,"column":145}},"170":{"start":{"line":43,"column":145},"end":{"line":43,"column":170}},"171":{"start":{"line":43,"column":170},"end":{"line":43,"column":249}},"172":{"start":{"line":44,"column":40},"end":{"line":44,"column":65}},"173":{"start":{"line":44,"column":65},"end":{"line":44,"column":90}},"174":{"start":{"line":44,"column":90},"end":{"line":44,"column":114}},"175":{"start":{"line":44,"column":134},"end":{"line":44,"column":214}},"176":{"start":{"line":44,"column":216},"end":{"line":44,"column":241}},"177":{"start":{"line":44,"column":241},"end":{"line":51,"column":40}},"178":{"start":{"line":44,"column":258},"end":{"line":44,"column":286}},"179":{"start":{"line":44,"column":300},"end":{"line":44,"column":327}},"180":{"start":{"line":45,"column":13},"end":{"line":45,"column":58}},"181":{"start":{"line":46,"column":0},"end":{"line":46,"column":25}},"182":{"start":{"line":46,"column":25},"end":{"line":46,"column":82}},"183":{"start":{"line":46,"column":82},"end":{"line":46,"column":107}},"184":{"start":{"line":46,"column":107},"end":{"line":46,"column":167}},"185":{"start":{"line":47,"column":0},"end":{"line":47,"column":25}},"186":{"start":{"line":47,"column":25},"end":{"line":49,"column":47}},"187":{"start":{"line":47,"column":51},"end":{"line":47,"column":76}},"188":{"start":{"line":47,"column":76},"end":{"line":47,"column":101}},"189":{"start":{"line":47,"column":101},"end":{"line":47,"column":143}},"190":{"start":{"line":47,"column":143},"end":{"line":47,"column":168}},"191":{"start":{"line":47,"column":168},"end":{"line":47,"column":190}},"192":{"start":{"line":48,"column":0},"end":{"line":48,"column":25}},"193":{"start":{"line":48,"column":25},"end":{"line":49,"column":45}},"194":{"start":{"line":48,"column":78},"end":{"line":48,"column":106}},"195":{"start":{"line":48,"column":106},"end":{"line":48,"column":131}},"196":{"start":{"line":48,"column":131},"end":{"line":48,"column":191}},"197":{"start":{"line":48,"column":191},"end":{"line":48,"column":216}},"198":{"start":{"line":48,"column":216},"end":{"line":48,"column":234}},"199":{"start":{"line":48,"column":240},"end":{"line":48,"column":268}},"200":{"start":{"line":48,"column":268},"end":{"line":48,"column":293}},"201":{"start":{"line":49,"column":0},"end":{"line":49,"column":44}},"202":{"start":{"line":50,"column":0},"end":{"line":50,"column":25}},"203":{"start":{"line":50,"column":25},"end":{"line":50,"column":40}},"204":{"start":{"line":50,"column":46},"end":{"line":50,"column":74}},"205":{"start":{"line":50,"column":74},"end":{"line":50,"column":99}},"206":{"start":{"line":51,"column":0},"end":{"line":51,"column":39}}},"fnMap":{"0":{"name":"cov_2fmotx2vjl","decl":{"start":{"line":1,"column":9},"end":{"line":1,"column":23}},"loc":{"start":{"line":1,"column":25},"end":{"line":2,"column":74}},"line":1},"1":{"name":"(anonymous_1)","decl":{"start":{"line":2,"column":15},"end":{"line":2,"column":16}},"loc":{"start":{"line":2,"column":25},"end":{"line":2,"column":49}},"line":2},"2":{"name":"validateAndAddIncome","decl":{"start":{"line":3,"column":9},"end":{"line":3,"column":29}},"loc":{"start":{"line":3,"column":31},"end":{"line":7,"column":38}},"line":3},"3":{"name":"addIncome","decl":{"start":{"line":8,"column":9},"end":{"line":8,"column":18}},"loc":{"start":{"line":8,"column":20},"end":{"line":17,"column":65}},"line":8},"4":{"name":"(anonymous_4)","decl":{"start":{"line":13,"column":40},"end":{"line":13,"column":41}},"loc":{"start":{"line":13,"column":50},"end":{"line":16,"column":250}},"line":13},"5":{"name":"(anonymous_5)","decl":{"start":{"line":16,"column":36},"end":{"line":16,"column":37}},"loc":{"start":{"line":16,"column":46},"end":{"line":16,"column":242}},"line":16},"6":{"name":"updateIncome","decl":{"start":{"line":18,"column":15},"end":{"line":18,"column":27}},"loc":{"start":{"line":18,"column":29},"end":{"line":27,"column":65}},"line":18},"7":{"name":"(anonymous_7)","decl":{"start":{"line":24,"column":40},"end":{"line":24,"column":41}},"loc":{"start":{"line":24,"column":50},"end":{"line":26,"column":77}},"line":24},"8":{"name":"getIncomeById","decl":{"start":{"line":28,"column":15},"end":{"line":28,"column":28}},"loc":{"start":{"line":28,"column":38},"end":{"line":28,"column":645}},"line":28},"9":{"name":"fillUpdateForm","decl":{"start":{"line":29,"column":15},"end":{"line":29,"column":29}},"loc":{"start":{"line":29,"column":31},"end":{"line":29,"column":583}},"line":29},"10":{"name":"calculateTotalIncome","decl":{"start":{"line":30,"column":15},"end":{"line":30,"column":35}},"loc":{"start":{"line":30,"column":37},"end":{"line":42,"column":191}},"line":30},"11":{"name":"updateTotalIncome","decl":{"start":{"line":43,"column":9},"end":{"line":43,"column":26}},"loc":{"start":{"line":43,"column":28},"end":{"line":43,"column":253}},"line":43},"12":{"name":"(anonymous_12)","decl":{"start":{"line":43,"column":106},"end":{"line":43,"column":107}},"loc":{"start":{"line":43,"column":119},"end":{"line":43,"column":250}},"line":43},"13":{"name":"deleteIncome","decl":{"start":{"line":44,"column":9},"end":{"line":44,"column":21}},"loc":{"start":{"line":44,"column":39},"end":{"line":51,"column":41}},"line":44},"14":{"name":"(anonymous_14)","decl":{"start":{"line":47,"column":40},"end":{"line":47,"column":41}},"loc":{"start":{"line":47,"column":50},"end":{"line":49,"column":46}},"line":47}},"branchMap":{"0":{"loc":{"start":{"line":1,"column":11762},"end":{"line":1,"column":11791}},"type":"binary-expr","locations":[{"start":{"line":1,"column":11762},"end":{"line":1,"column":11773}},{"start":{"line":1,"column":11776},"end":{"line":1,"column":11790}}],"line":1},"1":{"loc":{"start":{"line":1,"column":11792},"end":{"line":1,"column":11869}},"type":"if","locations":[{"start":{"line":1,"column":11792},"end":{"line":1,"column":11869}},{"start":{"line":1,"column":11792},"end":{"line":1,"column":11869}}],"line":1},"2":{"loc":{"start":{"line":1,"column":11795},"end":{"line":1,"column":11838}},"type":"binary-expr","locations":[{"start":{"line":1,"column":11795},"end":{"line":1,"column":11810}},{"start":{"line":1,"column":11812},"end":{"line":1,"column":11838}}],"line":1},"3":{"loc":{"start":{"line":5,"column":24},"end":{"line":5,"column":353}},"type":"if","locations":[{"start":{"line":5,"column":24},"end":{"line":5,"column":353}},{"start":{"line":5,"column":24},"end":{"line":5,"column":353}}],"line":5},"4":{"loc":{"start":{"line":5,"column":27},"end":{"line":5,"column":190}},"type":"binary-expr","locations":[{"start":{"line":5,"column":28},"end":{"line":5,"column":66}},{"start":{"line":5,"column":70},"end":{"line":5,"column":104}},{"start":{"line":5,"column":108},"end":{"line":5,"column":146}},{"start":{"line":5,"column":150},"end":{"line":5,"column":189}}],"line":5},"5":{"loc":{"start":{"line":6,"column":24},"end":{"line":6,"column":290}},"type":"if","locations":[{"start":{"line":6,"column":24},"end":{"line":6,"column":290}},{"start":{"line":6,"column":24},"end":{"line":6,"column":290}}],"line":6},"6":{"loc":{"start":{"line":6,"column":27},"end":{"line":6,"column":121}},"type":"binary-expr","locations":[{"start":{"line":6,"column":28},"end":{"line":6,"column":74}},{"start":{"line":6,"column":78},"end":{"line":6,"column":120}}],"line":6},"7":{"loc":{"start":{"line":14,"column":95},"end":{"line":15,"column":49}},"type":"if","locations":[{"start":{"line":14,"column":95},"end":{"line":15,"column":49}},{"start":{"line":14,"column":95},"end":{"line":15,"column":49}}],"line":14},"8":{"loc":{"start":{"line":14,"column":98},"end":{"line":14,"column":498}},"type":"binary-expr","locations":[{"start":{"line":14,"column":99},"end":{"line":14,"column":157}},{"start":{"line":14,"column":161},"end":{"line":14,"column":233}},{"start":{"line":14,"column":237},"end":{"line":14,"column":299}},{"start":{"line":14,"column":303},"end":{"line":14,"column":365}},{"start":{"line":14,"column":369},"end":{"line":14,"column":435}},{"start":{"line":14,"column":439},"end":{"line":14,"column":497}}],"line":14},"9":{"loc":{"start":{"line":21,"column":25},"end":{"line":21,"column":375}},"type":"if","locations":[{"start":{"line":21,"column":25},"end":{"line":21,"column":375}},{"start":{"line":21,"column":25},"end":{"line":21,"column":375}}],"line":21},"10":{"loc":{"start":{"line":21,"column":28},"end":{"line":21,"column":210}},"type":"binary-expr","locations":[{"start":{"line":21,"column":29},"end":{"line":21,"column":70}},{"start":{"line":21,"column":74},"end":{"line":21,"column":117}},{"start":{"line":21,"column":121},"end":{"line":21,"column":164}},{"start":{"line":21,"column":168},"end":{"line":21,"column":209}}],"line":21},"11":{"loc":{"start":{"line":25,"column":25},"end":{"line":26,"column":76}},"type":"if","locations":[{"start":{"line":25,"column":25},"end":{"line":26,"column":76}},{"start":{"line":25,"column":25},"end":{"line":26,"column":76}}],"line":25},"12":{"loc":{"start":{"line":28,"column":350},"end":{"line":28,"column":643}},"type":"if","locations":[{"start":{"line":28,"column":350},"end":{"line":28,"column":643}},{"start":{"line":28,"column":350},"end":{"line":28,"column":643}}],"line":28},"13":{"loc":{"start":{"line":30,"column":437},"end":{"line":42,"column":145}},"type":"if","locations":[{"start":{"line":30,"column":437},"end":{"line":42,"column":145}},{"start":{"line":30,"column":437},"end":{"line":42,"column":145}}],"line":30},"14":{"loc":{"start":{"line":44,"column":241},"end":{"line":51,"column":40}},"type":"if","locations":[{"start":{"line":44,"column":241},"end":{"line":51,"column":40}},{"start":{"line":44,"column":241},"end":{"line":51,"column":40}}],"line":44},"15":{"loc":{"start":{"line":48,"column":25},"end":{"line":49,"column":45}},"type":"if","locations":[{"start":{"line":48,"column":25},"end":{"line":49,"column":45}},{"start":{"line":48,"column":25},"end":{"line":49,"column":45}}],"line":48}},"s":{"0":0,"1":0,"2":0,"3":0,"4":0,"5":0,"6":0,"7":0,"8":0,"9":0,"10":0,"11":0,"12":0,"13":0,"14":0,"15":0,"16":0,"17":0,"18":0,"19":0,"20":0,"21":0,"22":0,"23":0,"24":0,"25":0,"26":0,"27":0,"28":0,"29":0,"30":0,"31":0,"32":0,"33":0,"34":0,"35":0,"36":0,"37":0,"38":0,"39":0,"40":0,"41":0,"42":0,"43":0,"44":0,"45":0,"46":0,"47":0,"48":0,"49":0,"50":0,"51":0,"52":0,"53":0,"54":0,"55":0,"56":0,"57":0,"58":0,"59":0,"60":0,"61":0,"62":0,"63":0,"64":0,"65":0,"66":0,"67":0,"68":0,"69":0,"70":0,"71":0,"72":0,"73":0,"74":0,"75":0,"76":0,"77":0,"78":0,"79":0,"80":0,"81":0,"82":0,"83":0,"84":0,"85":0,"86":0,"87":0,"88":0,"89":0,"90":0,"91":0,"92":0,"93":0,"94":0,"95":0,"96":0,"97":0,"98":0,"99":0,"100":0,"101":0,"102":0,"103":0,"104":0,"105":0,"106":0,"107":0,"108":0,"109":0,"110":0,"111":0,"112":0,"113":0,"114":0,"115":0,"116":0,"117":0,"118":0,"119":0,"120":0,"121":0,"122":0,"123":0,"124":0,"125":0,"126":0,"127":0,"128":0,"129":0,"130":0,"131":0,"132":0,"133":0,"134":0,"135":0,"136":0,"137":0,"138":0,"139":0,"140":0,"141":0,"142":0,"143":0,"144":0,"145":0,"146":0,"147":0,"148":0,"149":0,"150":0,"151":0,"152":0,"153":0,"154":0,"155":0,"156":0,"157":0,"158":0,"159":0,"160":0,"161":0,"162":0,"163":0,"164":0,"165":0,"166":0,"167":0,"168":0,"169":0,"170":0,"171":0,"172":0,"173":0,"174":0,"175":0,"176":0,"177":0,"178":0,"179":0,"180":0,"181":0,"182":0,"183":0,"184":0,"185":0,"186":0,"187":0,"188":0,"189":0,"190":0,"191":0,"192":0,"193":0,"194":0,"195":0,"196":0,"197":0,"198":0,"199":0,"200":0,"201":0,"202":0,"203":0,"204":0,"205":0,"206":0},"f":{"0":0,"1":0,"2":0,"3":0,"4":0,"5":0,"6":0,"7":0,"8":0,"9":0,"10":0,"11":0,"12":0,"13":0,"14":0},"b":{"0":[0,0],"1":[0,0],"2":[0,0],"3":[0,0],"4":[0,0,0,0],"5":[0,0],"6":[0,0],"7":[0,0],"8":[0,0,0,0,0,0],"9":[0,0],"10":[0,0,0,0],"11":[0,0],"12":[0,0],"13":[0,0],"14":[0,0],"15":[0,0]},"inputSourceMap":{"version":3,"names":["cov_2fmotx2vjl","actualCoverage","validateAndAddIncome","f","incomeName","s","document","getElementById","value","incomeAmount","parseFloat","source","incomeDate","description","b","alert","isNaN","addIncome","response","jsonData","name","amount","username","date","request","XMLHttpRequest","open","setRequestHeader","onload","JSON","parse","responseText","console","log","lastIncome","length","location","reload","setTimeout","innerText","style","display","send","stringify","updateIncome","selectedId","sessionStorage","getItem","message","window","href","getIncomeById","incomeId","fetch","data","json","i","item","id","setItem","fillUpdateForm","calculateTotalIncome","totalIncome","type","incomeElement","createElement","className","innerHTML","Date","toLocaleDateString","appendChild","updateTotalIncome","then","deleteIncome","event","stopPropagation","confirmation","confirm"],"sources":["income.js"],"sourcesContent":["// Function to validate and add income\r\nfunction validateAndAddIncome() {\r\n    // Retrieve values from input fields\r\n    const incomeName = document.getElementById(\"income_name\").value;\r\n    const incomeAmount = parseFloat(document.getElementById(\"income_amount\").value);\r\n    const source = document.getElementById(\"source\").value;\r\n    const incomeDate = document.getElementById(\"income_date\").value;\r\n    const description = document.getElementById(\"description\").value;\r\n\r\n    // Check for empty required fields\r\n    if (!incomeName || !source || !incomeDate || !description) {\r\n        alert(\"Please fill in all required fields.\");\r\n        return;\r\n    }\r\n\r\n    // Check if the income amount is a positive number\r\n    if (isNaN(incomeAmount) || incomeAmount <= 0) {\r\n        alert(\"Income Amount must be a positive number.\");\r\n        return;\r\n    }\r\n\r\n    // All input is valid, proceed with adding the income\r\n    addIncome();\r\n}\r\n\r\n// Function to add income\r\nfunction addIncome() {\r\n    var response = \"\";\r\n\r\n    // Create a JSON object with income details\r\n    var jsonData = {\r\n        name: document.getElementById(\"income_name\").value,\r\n        description: document.getElementById(\"description\").value,\r\n        amount: parseFloat(document.getElementById(\"income_amount\").value),\r\n        source: document.getElementById(\"source\").value,\r\n        username: \"Testing\", // Need to change this later\r\n        date: document.getElementById(\"income_date\").value\r\n    };\r\n\r\n    // Create an XMLHttpRequest object\r\n    var request = new XMLHttpRequest();\r\n\r\n    // Configure the request for adding income\r\n    request.open(\"POST\", \"/add-income\", true);\r\n    request.setRequestHeader(\"Content-Type\", \"application/json\");\r\n\r\n    // Define the behavior on request load\r\n    request.onload = function () {\r\n        response = JSON.parse(request.responseText);\r\n        console.log(response);\r\n        // Check if the income is added successfully\r\n        var lastIncome = response[response.length - 1];\r\n        if (lastIncome.name === jsonData.name && lastIncome.description === jsonData.description &&\r\n            lastIncome.amount === jsonData.amount && lastIncome.source === jsonData.source &&\r\n            lastIncome.username === jsonData.username && lastIncome.date === jsonData.date) {\r\n            alert(\"Your Income has been added successfully\");\r\n            location.reload();\r\n        } else {\r\n            // Display an error message if adding income fails\r\n            alert(\"Error adding Income. Please try again.\");\r\n        }\r\n        // Clear the notification after 2 seconds\r\n        setTimeout(function () {\r\n            document.getElementById(\"notificationBox\").innerText = \"\";\r\n            document.getElementById(\"notificationBox\").style.display = \"none\";\r\n        }, 2000);\r\n    };\r\n\r\n    // Send the request with JSON data\r\n    request.send(JSON.stringify(jsonData));\r\n}\r\n\r\n// Function to update income\r\nasync function updateIncome() {\r\n    var response = \"\";\r\n    var selectedId = sessionStorage.getItem(\"id\");\r\n\r\n    // Create a JSON object with updated income details\r\n    var jsonData = {\r\n        name: document.getElementById(\"update_income_name\").value,\r\n        description: document.getElementById(\"update_description\").value,\r\n        amount: parseFloat(document.getElementById(\"update_income_amount\").value),\r\n        source: document.getElementById(\"update_source\").value,\r\n        username: \"Testing\", // Need to change this later\r\n        date: document.getElementById(\"update_income_date\").value\r\n    };\r\n\r\n    // Validation\r\n    if (!jsonData.name || !jsonData.amount || !jsonData.source || !jsonData.date) {\r\n        alert(\"Please fill in all required fields.\");\r\n        return;\r\n    }\r\n\r\n    // Create an XMLHttpRequest object\r\n    var request = new XMLHttpRequest();\r\n\r\n    // Configure the request for updating income\r\n    request.open(\"PUT\", \"/edit-income/\" + selectedId, true);\r\n    request.setRequestHeader(\"Content-Type\", \"application/json\");\r\n\r\n    // Define the behavior on request load\r\n    request.onload = function () {\r\n        response = JSON.parse(request.responseText);\r\n        console.log(response);\r\n        // Check if the income is updated successfully\r\n        if (response.message == \"Income modified successfully!\") {\r\n            alert(\"Income has been updated successfully!\");\r\n            window.location.href = \"add-income.html\";\r\n        } else {\r\n            // Display an error message if updating income fails\r\n            alert(\"An error has occured while updating the Income. Please try again.\");\r\n        }\r\n    };\r\n\r\n    // Send the request with JSON data\r\n    request.send(JSON.stringify(jsonData));\r\n}\r\n\r\n// Function to get income by ID\r\nasync function getIncomeById(incomeId) {\r\n    const response = await fetch(\"/get-transactions\");\r\n    const data = await response.json();\r\n    for (var i = 0; i < data.length; i++) {\r\n        var item = data[i];\r\n        if (item.id === incomeId) {\r\n            sessionStorage.setItem(\"id\", incomeId);\r\n            sessionStorage.setItem(\"income\", JSON.stringify(item));\r\n            window.location.href = \"update-income.html\";\r\n        }\r\n    }\r\n}\r\n\r\n// Function to fill update form with income details\r\nasync function fillUpdateForm() {\r\n    const data = JSON.parse(sessionStorage.getItem(\"income\"));\r\n    document.getElementById(\"update_income_name\").value = data.name;\r\n    document.getElementById(\"update_income_amount\").value = data.amount;\r\n    document.getElementById(\"update_source\").value = data.source;\r\n    document.getElementById(\"update_income_date\").value = data.date;\r\n    document.getElementById(\"update_description\").value = data.description;\r\n}\r\n\r\n// Function to calculate total income\r\nasync function calculateTotalIncome() {\r\n    const response = await fetch(\"/get-transactions\");\r\n    const data = await response.json();\r\n    console.log(data);\r\n    var totalIncome = 0;\r\n    for (var i = 0; i < data.length; i++) {\r\n        var item = data[i];\r\n        if (item.type === \"income\") {\r\n            totalIncome += item.amount;\r\n            console.log(totalIncome);\r\n\r\n            // Create HTML elements for displaying income details\r\n            var incomeElement = document.createElement(\"div\");\r\n            incomeElement.className = \"income\";\r\n            incomeElement.id = `income-${i}`;\r\n            incomeElement.innerHTML = `\r\n                <div class=\"income-title\" onclick=\"getIncomeById('${item.id}')\">\r\n                    <i class=\"fa fa-arrow-up\"></i>\r\n                    <strong>${item.name}</strong> \r\n                    <i class=\"fas fa-trash-alt delete-icon\" onclick=\"deleteIncome(event, '${item.id}')\"></i>\r\n                </div>\r\n                <div class=\"income-details\">\r\n                    <p><i class=\"fas fa-dollar-sign\"></i>$${item.amount}</p>\r\n                    <p><i class=\"fas fa-info-circle\"></i>${item.description}</p>\r\n                    <p><i class=\"far fa-calendar-alt\"></i>${new Date(item.date).toLocaleDateString()}</p>\r\n                </div>\r\n            `;\r\n            document.getElementById(\"incomesContainer\").appendChild(incomeElement);\r\n        }\r\n    }\r\n\r\n    return totalIncome;\r\n}\r\n\r\n// Function to update total income displayed on the page\r\nfunction updateTotalIncome() {\r\n    calculateTotalIncome().then((totalIncome) => {\r\n        document.getElementById(\"totalIncome\").innerText =\r\n            \"Total Income: $\" + totalIncome;\r\n    });\r\n}\r\n\r\n// Function to delete income\r\nfunction deleteIncome(event, selectedId) {\r\n    event.stopPropagation();\r\n    const confirmation = confirm(\"Are you sure you want to delete this income?\");\r\n\r\n    if (confirmation) {\r\n        var response = \"\";\r\n\r\n        // Create an XMLHttpRequest object\r\n        var request = new XMLHttpRequest();\r\n\r\n        // Configure the request for deleting income\r\n        request.open(\"DELETE\", \"/delete-income/\" + selectedId, true);\r\n        request.setRequestHeader(\"Content-Type\", \"application/json\");\r\n\r\n        // Define the behavior on request load\r\n        request.onload = function () {\r\n            response = JSON.parse(request.responseText);\r\n            console.log(response);\r\n            // Check if the income is deleted successfully\r\n            if (response.message == \"Income deleted successfully!\") {\r\n                alert(\"The selected income has been deleted successfully!\");\r\n                location.reload();\r\n            } else {\r\n                // Display an error message if deleting income fails\r\n                alert(\"Error deleting the selected income\");\r\n            }\r\n        };\r\n\r\n        // Send the request without JSON data for deletion\r\n        request.send();\r\n    } else {\r\n        // Redirect to add-income.html if deletion is canceled\r\n        window.location.href = \"add-income.html\";\r\n    }\r\n}\r\n"],"mappings":"goXAeY;AAAAA,cAAA,SAAAA,CAAA,SAAAC,cAAA,WAAAA,cAAA,EAAAD,cAAA,GAfZ;AACA,QAAS,CAAAE,oBAAoBA,CAAA,CAAG,CAAAF,cAAA,GAAAG,CAAA,MAC5B;AACA,KAAM,CAAAC,UAAU,EAAAJ,cAAA,GAAAK,CAAA,MAAGC,QAAQ,CAACC,cAAc,CAAC,aAAa,CAAC,CAACC,KAAK,EAC/D,KAAM,CAAAC,YAAY,EAAAT,cAAA,GAAAK,CAAA,MAAGK,UAAU,CAACJ,QAAQ,CAACC,cAAc,CAAC,eAAe,CAAC,CAACC,KAAK,CAAC,EAC/E,KAAM,CAAAG,MAAM,EAAAX,cAAA,GAAAK,CAAA,MAAGC,QAAQ,CAACC,cAAc,CAAC,QAAQ,CAAC,CAACC,KAAK,EACtD,KAAM,CAAAI,UAAU,EAAAZ,cAAA,GAAAK,CAAA,MAAGC,QAAQ,CAACC,cAAc,CAAC,aAAa,CAAC,CAACC,KAAK,EAC/D,KAAM,CAAAK,WAAW,EAAAb,cAAA,GAAAK,CAAA,MAAGC,QAAQ,CAACC,cAAc,CAAC,aAAa,CAAC,CAACC,KAAK,EAEhE;AAAAR,cAAA,GAAAK,CAAA,MACA,GAAI,CAAAL,cAAA,GAAAc,CAAA,UAACV,UAAU,IAAAJ,cAAA,GAAAc,CAAA,SAAI,CAACH,MAAM,IAAAX,cAAA,GAAAc,CAAA,SAAI,CAACF,UAAU,IAAAZ,cAAA,GAAAc,CAAA,SAAI,CAACD,WAAW,EAAE,CAAAb,cAAA,GAAAc,CAAA,SAAAd,cAAA,GAAAK,CAAA,MACvDU,KAAK,CAAC,qCAAqC,CAAC,CAACf,cAAA,GAAAK,CAAA,MAC7C,OACJ,CAAC,KAAAL,cAAA,GAAAc,CAAA,UAED;AAAAd,cAAA,GAAAK,CAAA,MACA,GAAI,CAAAL,cAAA,GAAAc,CAAA,SAAAE,KAAK,CAACP,YAAY,CAAC,IAAAT,cAAA,GAAAc,CAAA,SAAIL,YAAY,EAAI,CAAC,EAAE,CAAAT,cAAA,GAAAc,CAAA,SAAAd,cAAA,GAAAK,CAAA,MAC1CU,KAAK,CAAC,0CAA0C,CAAC,CAACf,cAAA,GAAAK,CAAA,OAClD,OACJ,CAAC,KAAAL,cAAA,GAAAc,CAAA,UAED;AAAAd,cAAA,GAAAK,CAAA,OACAY,SAAS,CAAC,CAAC,CACf,CAEA;AACA,QAAS,CAAAA,SAASA,CAAA,CAAG,CAAAjB,cAAA,GAAAG,CAAA,MACjB,GAAI,CAAAe,QAAQ,EAAAlB,cAAA,GAAAK,CAAA,OAAG,EAAE,EAEjB;AACA,GAAI,CAAAc,QAAQ,EAAAnB,cAAA,GAAAK,CAAA,OAAG,CACXe,IAAI,CAAEd,QAAQ,CAACC,cAAc,CAAC,aAAa,CAAC,CAACC,KAAK,CAClDK,WAAW,CAAEP,QAAQ,CAACC,cAAc,CAAC,aAAa,CAAC,CAACC,KAAK,CACzDa,MAAM,CAAEX,UAAU,CAACJ,QAAQ,CAACC,cAAc,CAAC,eAAe,CAAC,CAACC,KAAK,CAAC,CAClEG,MAAM,CAAEL,QAAQ,CAACC,cAAc,CAAC,QAAQ,CAAC,CAACC,KAAK,CAC/Cc,QAAQ,CAAE,SAAS,CAAE;AACrBC,IAAI,CAAEjB,QAAQ,CAACC,cAAc,CAAC,aAAa,CAAC,CAACC,KACjD,CAAC,EAED;AACA,GAAI,CAAAgB,OAAO,EAAAxB,cAAA,GAAAK,CAAA,OAAG,GAAI,CAAAoB,cAAc,CAAC,CAAC,EAElC;AAAAzB,cAAA,GAAAK,CAAA,OACAmB,OAAO,CAACE,IAAI,CAAC,MAAM,CAAE,aAAa,CAAE,IAAI,CAAC,CAAC1B,cAAA,GAAAK,CAAA,OAC1CmB,OAAO,CAACG,gBAAgB,CAAC,cAAc,CAAE,kBAAkB,CAAC,CAE5D;AAAA3B,cAAA,GAAAK,CAAA,OACAmB,OAAO,CAACI,MAAM,CAAG,UAAY,CAAA5B,cAAA,GAAAG,CAAA,MAAAH,cAAA,GAAAK,CAAA,OACzBa,QAAQ,CAAGW,IAAI,CAACC,KAAK,CAACN,OAAO,CAACO,YAAY,CAAC,CAAC/B,cAAA,GAAAK,CAAA,OAC5C2B,OAAO,CAACC,GAAG,CAACf,QAAQ,CAAC,CACrB;AACA,GAAI,CAAAgB,UAAU,EAAAlC,cAAA,GAAAK,CAAA,OAAGa,QAAQ,CAACA,QAAQ,CAACiB,MAAM,CAAG,CAAC,CAAC,EAACnC,cAAA,GAAAK,CAAA,OAC/C,GAAI,CAAAL,cAAA,GAAAc,CAAA,SAAAoB,UAAU,CAACd,IAAI,GAAKD,QAAQ,CAACC,IAAI,IAAApB,cAAA,GAAAc,CAAA,SAAIoB,UAAU,CAACrB,WAAW,GAAKM,QAAQ,CAACN,WAAW,IAAAb,cAAA,GAAAc,CAAA,SACpFoB,UAAU,CAACb,MAAM,GAAKF,QAAQ,CAACE,MAAM,IAAArB,cAAA,GAAAc,CAAA,SAAIoB,UAAU,CAACvB,MAAM,GAAKQ,QAAQ,CAACR,MAAM,IAAAX,cAAA,GAAAc,CAAA,SAC9EoB,UAAU,CAACZ,QAAQ,GAAKH,QAAQ,CAACG,QAAQ,IAAAtB,cAAA,GAAAc,CAAA,SAAIoB,UAAU,CAACX,IAAI,GAAKJ,QAAQ,CAACI,IAAI,EAAE,CAAAvB,cAAA,GAAAc,CAAA,SAAAd,cAAA,GAAAK,CAAA,OAChFU,KAAK,CAAC,yCAAyC,CAAC,CAACf,cAAA,GAAAK,CAAA,OACjD+B,QAAQ,CAACC,MAAM,CAAC,CAAC,CACrB,CAAC,IAAM,CAAArC,cAAA,GAAAc,CAAA,SAAAd,cAAA,GAAAK,CAAA,OACH;AACAU,KAAK,CAAC,wCAAwC,CAAC,CACnD,CACA;AAAAf,cAAA,GAAAK,CAAA,OACAiC,UAAU,CAAC,UAAY,CAAAtC,cAAA,GAAAG,CAAA,MAAAH,cAAA,GAAAK,CAAA,OACnBC,QAAQ,CAACC,cAAc,CAAC,iBAAiB,CAAC,CAACgC,SAAS,CAAG,EAAE,CAACvC,cAAA,GAAAK,CAAA,OAC1DC,QAAQ,CAACC,cAAc,CAAC,iBAAiB,CAAC,CAACiC,KAAK,CAACC,OAAO,CAAG,MAAM,CACrE,CAAC,CAAE,IAAI,CAAC,CACZ,CAAC,CAED;AAAAzC,cAAA,GAAAK,CAAA,OACAmB,OAAO,CAACkB,IAAI,CAACb,IAAI,CAACc,SAAS,CAACxB,QAAQ,CAAC,CAAC,CAC1C,CAEA;AACA,cAAe,CAAAyB,YAAYA,CAAA,CAAG,CAAA5C,cAAA,GAAAG,CAAA,MAC1B,GAAI,CAAAe,QAAQ,EAAAlB,cAAA,GAAAK,CAAA,OAAG,EAAE,EACjB,GAAI,CAAAwC,UAAU,EAAA7C,cAAA,GAAAK,CAAA,OAAGyC,cAAc,CAACC,OAAO,CAAC,IAAI,CAAC,EAE7C;AACA,GAAI,CAAA5B,QAAQ,EAAAnB,cAAA,GAAAK,CAAA,OAAG,CACXe,IAAI,CAAEd,QAAQ,CAACC,cAAc,CAAC,oBAAoB,CAAC,CAACC,KAAK,CACzDK,WAAW,CAAEP,QAAQ,CAACC,cAAc,CAAC,oBAAoB,CAAC,CAACC,KAAK,CAChEa,MAAM,CAAEX,UAAU,CAACJ,QAAQ,CAACC,cAAc,CAAC,sBAAsB,CAAC,CAACC,KAAK,CAAC,CACzEG,MAAM,CAAEL,QAAQ,CAACC,cAAc,CAAC,eAAe,CAAC,CAACC,KAAK,CACtDc,QAAQ,CAAE,SAAS,CAAE;AACrBC,IAAI,CAAEjB,QAAQ,CAACC,cAAc,CAAC,oBAAoB,CAAC,CAACC,KACxD,CAAC,EAED;AAAAR,cAAA,GAAAK,CAAA,OACA,GAAI,CAAAL,cAAA,GAAAc,CAAA,UAACK,QAAQ,CAACC,IAAI,IAAApB,cAAA,GAAAc,CAAA,SAAI,CAACK,QAAQ,CAACE,MAAM,IAAArB,cAAA,GAAAc,CAAA,SAAI,CAACK,QAAQ,CAACR,MAAM,IAAAX,cAAA,GAAAc,CAAA,SAAI,CAACK,QAAQ,CAACI,IAAI,EAAE,CAAAvB,cAAA,GAAAc,CAAA,SAAAd,cAAA,GAAAK,CAAA,OAC1EU,KAAK,CAAC,qCAAqC,CAAC,CAACf,cAAA,GAAAK,CAAA,OAC7C,OACJ,CAAC,KAAAL,cAAA,GAAAc,CAAA,UAED;AACA,GAAI,CAAAU,OAAO,EAAAxB,cAAA,GAAAK,CAAA,OAAG,GAAI,CAAAoB,cAAc,CAAC,CAAC,EAElC;AAAAzB,cAAA,GAAAK,CAAA,OACAmB,OAAO,CAACE,IAAI,CAAC,KAAK,CAAE,eAAe,CAAGmB,UAAU,CAAE,IAAI,CAAC,CAAC7C,cAAA,GAAAK,CAAA,OACxDmB,OAAO,CAACG,gBAAgB,CAAC,cAAc,CAAE,kBAAkB,CAAC,CAE5D;AAAA3B,cAAA,GAAAK,CAAA,OACAmB,OAAO,CAACI,MAAM,CAAG,UAAY,CAAA5B,cAAA,GAAAG,CAAA,MAAAH,cAAA,GAAAK,CAAA,OACzBa,QAAQ,CAAGW,IAAI,CAACC,KAAK,CAACN,OAAO,CAACO,YAAY,CAAC,CAAC/B,cAAA,GAAAK,CAAA,OAC5C2B,OAAO,CAACC,GAAG,CAACf,QAAQ,CAAC,CACrB;AAAAlB,cAAA,GAAAK,CAAA,OACA,GAAIa,QAAQ,CAAC8B,OAAO,EAAI,+BAA+B,CAAE,CAAAhD,cAAA,GAAAc,CAAA,SAAAd,cAAA,GAAAK,CAAA,OACrDU,KAAK,CAAC,uCAAuC,CAAC,CAACf,cAAA,GAAAK,CAAA,OAC/C4C,MAAM,CAACb,QAAQ,CAACc,IAAI,CAAG,iBAAiB,CAC5C,CAAC,IAAM,CAAAlD,cAAA,GAAAc,CAAA,SAAAd,cAAA,GAAAK,CAAA,OACH;AACAU,KAAK,CAAC,mEAAmE,CAAC,CAC9E,CACJ,CAAC,CAED;AAAAf,cAAA,GAAAK,CAAA,OACAmB,OAAO,CAACkB,IAAI,CAACb,IAAI,CAACc,SAAS,CAACxB,QAAQ,CAAC,CAAC,CAC1C,CAEA;AACA,cAAe,CAAAgC,aAAaA,CAACC,QAAQ,CAAE,CAAApD,cAAA,GAAAG,CAAA,MACnC,KAAM,CAAAe,QAAQ,EAAAlB,cAAA,GAAAK,CAAA,OAAG,KAAM,CAAAgD,KAAK,CAAC,mBAAmB,CAAC,EACjD,KAAM,CAAAC,IAAI,EAAAtD,cAAA,GAAAK,CAAA,OAAG,KAAM,CAAAa,QAAQ,CAACqC,IAAI,CAAC,CAAC,EAACvD,cAAA,GAAAK,CAAA,OACnC,IAAK,GAAI,CAAAmD,CAAC,EAAAxD,cAAA,GAAAK,CAAA,OAAG,CAAC,EAAEmD,CAAC,CAAGF,IAAI,CAACnB,MAAM,CAAEqB,CAAC,EAAE,CAAE,CAClC,GAAI,CAAAC,IAAI,EAAAzD,cAAA,GAAAK,CAAA,OAAGiD,IAAI,CAACE,CAAC,CAAC,EAACxD,cAAA,GAAAK,CAAA,OACnB,GAAIoD,IAAI,CAACC,EAAE,GAAKN,QAAQ,CAAE,CAAApD,cAAA,GAAAc,CAAA,SAAAd,cAAA,GAAAK,CAAA,OACtByC,cAAc,CAACa,OAAO,CAAC,IAAI,CAAEP,QAAQ,CAAC,CAACpD,cAAA,GAAAK,CAAA,OACvCyC,cAAc,CAACa,OAAO,CAAC,QAAQ,CAAE9B,IAAI,CAACc,SAAS,CAACc,IAAI,CAAC,CAAC,CAACzD,cAAA,GAAAK,CAAA,OACvD4C,MAAM,CAACb,QAAQ,CAACc,IAAI,CAAG,oBAAoB,CAC/C,CAAC,KAAAlD,cAAA,GAAAc,CAAA,UACL,CACJ,CAEA;AACA,cAAe,CAAA8C,cAAcA,CAAA,CAAG,CAAA5D,cAAA,GAAAG,CAAA,MAC5B,KAAM,CAAAmD,IAAI,EAAAtD,cAAA,GAAAK,CAAA,OAAGwB,IAAI,CAACC,KAAK,CAACgB,cAAc,CAACC,OAAO,CAAC,QAAQ,CAAC,CAAC,EAAC/C,cAAA,GAAAK,CAAA,OAC1DC,QAAQ,CAACC,cAAc,CAAC,oBAAoB,CAAC,CAACC,KAAK,CAAG8C,IAAI,CAAClC,IAAI,CAACpB,cAAA,GAAAK,CAAA,OAChEC,QAAQ,CAACC,cAAc,CAAC,sBAAsB,CAAC,CAACC,KAAK,CAAG8C,IAAI,CAACjC,MAAM,CAACrB,cAAA,GAAAK,CAAA,OACpEC,QAAQ,CAACC,cAAc,CAAC,eAAe,CAAC,CAACC,KAAK,CAAG8C,IAAI,CAAC3C,MAAM,CAACX,cAAA,GAAAK,CAAA,OAC7DC,QAAQ,CAACC,cAAc,CAAC,oBAAoB,CAAC,CAACC,KAAK,CAAG8C,IAAI,CAAC/B,IAAI,CAACvB,cAAA,GAAAK,CAAA,OAChEC,QAAQ,CAACC,cAAc,CAAC,oBAAoB,CAAC,CAACC,KAAK,CAAG8C,IAAI,CAACzC,WAAW,CAC1E,CAEA;AACA,cAAe,CAAAgD,oBAAoBA,CAAA,CAAG,CAAA7D,cAAA,GAAAG,CAAA,MAClC,KAAM,CAAAe,QAAQ,EAAAlB,cAAA,GAAAK,CAAA,OAAG,KAAM,CAAAgD,KAAK,CAAC,mBAAmB,CAAC,EACjD,KAAM,CAAAC,IAAI,EAAAtD,cAAA,GAAAK,CAAA,OAAG,KAAM,CAAAa,QAAQ,CAACqC,IAAI,CAAC,CAAC,EAACvD,cAAA,GAAAK,CAAA,OACnC2B,OAAO,CAACC,GAAG,CAACqB,IAAI,CAAC,CACjB,GAAI,CAAAQ,WAAW,EAAA9D,cAAA,GAAAK,CAAA,OAAG,CAAC,EAACL,cAAA,GAAAK,CAAA,OACpB,IAAK,GAAI,CAAAmD,CAAC,EAAAxD,cAAA,GAAAK,CAAA,OAAG,CAAC,EAAEmD,CAAC,CAAGF,IAAI,CAACnB,MAAM,CAAEqB,CAAC,EAAE,CAAE,CAClC,GAAI,CAAAC,IAAI,EAAAzD,cAAA,GAAAK,CAAA,OAAGiD,IAAI,CAACE,CAAC,CAAC,EAACxD,cAAA,GAAAK,CAAA,OACnB,GAAIoD,IAAI,CAACM,IAAI,GAAK,QAAQ,CAAE,CAAA/D,cAAA,GAAAc,CAAA,UAAAd,cAAA,GAAAK,CAAA,OACxByD,WAAW,EAAIL,IAAI,CAACpC,MAAM,CAACrB,cAAA,GAAAK,CAAA,OAC3B2B,OAAO,CAACC,GAAG,CAAC6B,WAAW,CAAC,CAExB;AACA,GAAI,CAAAE,aAAa,EAAAhE,cAAA,GAAAK,CAAA,OAAGC,QAAQ,CAAC2D,aAAa,CAAC,KAAK,CAAC,EAACjE,cAAA,GAAAK,CAAA,OAClD2D,aAAa,CAACE,SAAS,CAAG,QAAQ,CAAClE,cAAA,GAAAK,CAAA,OACnC2D,aAAa,CAACN,EAAE,CAAI,UAASF,CAAE,EAAC,CAACxD,cAAA,GAAAK,CAAA,OACjC2D,aAAa,CAACG,SAAS,CAAI;AACvC,oEAAoEV,IAAI,CAACC,EAAG;AAC5E;AACA,8BAA8BD,IAAI,CAACrC,IAAK;AACxC,4FAA4FqC,IAAI,CAACC,EAAG;AACpG;AACA;AACA,4DAA4DD,IAAI,CAACpC,MAAO;AACxE,2DAA2DoC,IAAI,CAAC5C,WAAY;AAC5E,4DAA4D,GAAI,CAAAuD,IAAI,CAACX,IAAI,CAAClC,IAAI,CAAC,CAAC8C,kBAAkB,CAAC,CAAE;AACrG;AACA,aAAa,CAACrE,cAAA,GAAAK,CAAA,OACFC,QAAQ,CAACC,cAAc,CAAC,kBAAkB,CAAC,CAAC+D,WAAW,CAACN,aAAa,CAAC,CAC1E,CAAC,KAAAhE,cAAA,GAAAc,CAAA,WACL,CAACd,cAAA,GAAAK,CAAA,OAED,MAAO,CAAAyD,WAAW,CACtB,CAEA;AACA,QAAS,CAAAS,iBAAiBA,CAAA,CAAG,CAAAvE,cAAA,GAAAG,CAAA,MAAAH,cAAA,GAAAK,CAAA,OACzBwD,oBAAoB,CAAC,CAAC,CAACW,IAAI,CAAEV,WAAW,EAAK,CAAA9D,cAAA,GAAAG,CAAA,OAAAH,cAAA,GAAAK,CAAA,OACzCC,QAAQ,CAACC,cAAc,CAAC,aAAa,CAAC,CAACgC,SAAS,CAC5C,iBAAiB,CAAGuB,WAAW,CACvC,CAAC,CAAC,CACN,CAEA;AACA,QAAS,CAAAW,YAAYA,CAACC,KAAK,CAAE7B,UAAU,CAAE,CAAA7C,cAAA,GAAAG,CAAA,OAAAH,cAAA,GAAAK,CAAA,OACrCqE,KAAK,CAACC,eAAe,CAAC,CAAC,CACvB,KAAM,CAAAC,YAAY,EAAA5E,cAAA,GAAAK,CAAA,OAAGwE,OAAO,CAAC,8CAA8C,CAAC,EAAC7E,cAAA,GAAAK,CAAA,OAE7E,GAAIuE,YAAY,CAAE,CAAA5E,cAAA,GAAAc,CAAA,UACd,GAAI,CAAAI,QAAQ,EAAAlB,cAAA,GAAAK,CAAA,OAAG,EAAE,EAEjB;AACA,GAAI,CAAAmB,OAAO,EAAAxB,cAAA,GAAAK,CAAA,OAAG,GAAI,CAAAoB,cAAc,CAAC,CAAC,EAElC;AAAAzB,cAAA,GAAAK,CAAA,OACAmB,OAAO,CAACE,IAAI,CAAC,QAAQ,CAAE,iBAAiB,CAAGmB,UAAU,CAAE,IAAI,CAAC,CAAC7C,cAAA,GAAAK,CAAA,OAC7DmB,OAAO,CAACG,gBAAgB,CAAC,cAAc,CAAE,kBAAkB,CAAC,CAE5D;AAAA3B,cAAA,GAAAK,CAAA,OACAmB,OAAO,CAACI,MAAM,CAAG,UAAY,CAAA5B,cAAA,GAAAG,CAAA,OAAAH,cAAA,GAAAK,CAAA,OACzBa,QAAQ,CAAGW,IAAI,CAACC,KAAK,CAACN,OAAO,CAACO,YAAY,CAAC,CAAC/B,cAAA,GAAAK,CAAA,OAC5C2B,OAAO,CAACC,GAAG,CAACf,QAAQ,CAAC,CACrB;AAAAlB,cAAA,GAAAK,CAAA,OACA,GAAIa,QAAQ,CAAC8B,OAAO,EAAI,8BAA8B,CAAE,CAAAhD,cAAA,GAAAc,CAAA,UAAAd,cAAA,GAAAK,CAAA,OACpDU,KAAK,CAAC,oDAAoD,CAAC,CAACf,cAAA,GAAAK,CAAA,OAC5D+B,QAAQ,CAACC,MAAM,CAAC,CAAC,CACrB,CAAC,IAAM,CAAArC,cAAA,GAAAc,CAAA,UAAAd,cAAA,GAAAK,CAAA,OACH;AACAU,KAAK,CAAC,oCAAoC,CAAC,CAC/C,CACJ,CAAC,CAED;AAAAf,cAAA,GAAAK,CAAA,OACAmB,OAAO,CAACkB,IAAI,CAAC,CAAC,CAClB,CAAC,IAAM,CAAA1C,cAAA,GAAAc,CAAA,UAAAd,cAAA,GAAAK,CAAA,OACH;AACA4C,MAAM,CAACb,QAAQ,CAACc,IAAI,CAAG,iBAAiB,CAC5C,CACJ"},"all":true},"C:\\Users\\Chun Kang\\Desktop\\DVOPS_Project\\public\\instrumented\\js\\login.js":{"path":"C:\\Users\\Chun Kang\\Desktop\\DVOPS_Project\\public\\instrumented\\js\\login.js","statementMap":{"0":{"start":{"line":1,"column":34},"end":{"line":1,"column":102}},"1":{"start":{"line":1,"column":112},"end":{"line":1,"column":154}},"2":{"start":{"line":1,"column":166},"end":{"line":1,"column":195}},"3":{"start":{"line":1,"column":204},"end":{"line":1,"column":218}},"4":{"start":{"line":1,"column":236},"end":{"line":1,"column":2457}},"5":{"start":{"line":1,"column":2471},"end":{"line":1,"column":2500}},"6":{"start":{"line":1,"column":2501},"end":{"line":1,"column":2578}},"7":{"start":{"line":1,"column":2549},"end":{"line":1,"column":2577}},"8":{"start":{"line":1,"column":2597},"end":{"line":1,"column":2611}},"9":{"start":{"line":2,"column":0},"end":{"line":2,"column":49}},"10":{"start":{"line":2,"column":25},"end":{"line":2,"column":47}},"11":{"start":{"line":2,"column":50},"end":{"line":2,"column":72}},"12":{"start":{"line":2,"column":73},"end":{"line":2,"column":89}},"13":{"start":{"line":2,"column":106},"end":{"line":2,"column":129}},"14":{"start":{"line":2,"column":143},"end":{"line":2,"column":168}},"15":{"start":{"line":2,"column":184},"end":{"line":2,"column":219}},"16":{"start":{"line":2,"column":221},"end":{"line":2,"column":244}},"17":{"start":{"line":2,"column":244},"end":{"line":2,"column":298}},"18":{"start":{"line":2,"column":298},"end":{"line":2,"column":321}},"19":{"start":{"line":2,"column":321},"end":{"line":2,"column":381}},"20":{"start":{"line":2,"column":381},"end":{"line":2,"column":404}},"21":{"start":{"line":2,"column":404},"end":{"line":2,"column":688}},"22":{"start":{"line":2,"column":506},"end":{"line":2,"column":532}},"23":{"start":{"line":2,"column":532},"end":{"line":2,"column":555}},"24":{"start":{"line":2,"column":555},"end":{"line":2,"column":625}},"25":{"start":{"line":2,"column":625},"end":{"line":2,"column":648}},"26":{"start":{"line":2,"column":648},"end":{"line":2,"column":655}},"27":{"start":{"line":2,"column":661},"end":{"line":2,"column":687}},"28":{"start":{"line":2,"column":701},"end":{"line":2,"column":744}},"29":{"start":{"line":2,"column":746},"end":{"line":2,"column":769}},"30":{"start":{"line":2,"column":769},"end":{"line":2,"column":804}},"31":{"start":{"line":2,"column":804},"end":{"line":2,"column":827}},"32":{"start":{"line":2,"column":827},"end":{"line":2,"column":887}},"33":{"start":{"line":2,"column":887},"end":{"line":2,"column":911}},"34":{"start":{"line":2,"column":911},"end":{"line":2,"column":1417}},"35":{"start":{"line":2,"column":937},"end":{"line":2,"column":960}},"36":{"start":{"line":2,"column":960},"end":{"line":2,"column":984}},"37":{"start":{"line":2,"column":984},"end":{"line":2,"column":1026}},"38":{"start":{"line":2,"column":1026},"end":{"line":2,"column":1050}},"39":{"start":{"line":2,"column":1050},"end":{"line":2,"column":1072}},"40":{"start":{"line":2,"column":1072},"end":{"line":2,"column":1096}},"41":{"start":{"line":2,"column":1096},"end":{"line":2,"column":1415}},"42":{"start":{"line":2,"column":1138},"end":{"line":2,"column":1164}},"43":{"start":{"line":2,"column":1164},"end":{"line":2,"column":1188}},"44":{"start":{"line":2,"column":1188},"end":{"line":2,"column":1235}},"45":{"start":{"line":2,"column":1235},"end":{"line":2,"column":1259}},"46":{"start":{"line":2,"column":1259},"end":{"line":2,"column":1292}},"47":{"start":{"line":2,"column":1298},"end":{"line":2,"column":1324}},"48":{"start":{"line":2,"column":1324},"end":{"line":2,"column":1348}},"49":{"start":{"line":2,"column":1348},"end":{"line":2,"column":1414}},"50":{"start":{"line":2,"column":1417},"end":{"line":2,"column":1441}},"51":{"start":{"line":2,"column":1441},"end":{"line":2,"column":1480}}},"fnMap":{"0":{"name":"cov_krr1lxohm","decl":{"start":{"line":1,"column":9},"end":{"line":1,"column":22}},"loc":{"start":{"line":1,"column":24},"end":{"line":2,"column":73}},"line":1},"1":{"name":"(anonymous_1)","decl":{"start":{"line":2,"column":14},"end":{"line":2,"column":15}},"loc":{"start":{"line":2,"column":24},"end":{"line":2,"column":48}},"line":2},"2":{"name":"login","decl":{"start":{"line":2,"column":98},"end":{"line":2,"column":103}},"loc":{"start":{"line":2,"column":105},"end":{"line":2,"column":1481}},"line":2},"3":{"name":"(anonymous_3)","decl":{"start":{"line":2,"column":926},"end":{"line":2,"column":927}},"loc":{"start":{"line":2,"column":936},"end":{"line":2,"column":1416}},"line":2}},"branchMap":{"0":{"loc":{"start":{"line":1,"column":2471},"end":{"line":1,"column":2500}},"type":"binary-expr","locations":[{"start":{"line":1,"column":2471},"end":{"line":1,"column":2482}},{"start":{"line":1,"column":2485},"end":{"line":1,"column":2499}}],"line":1},"1":{"loc":{"start":{"line":1,"column":2501},"end":{"line":1,"column":2578}},"type":"if","locations":[{"start":{"line":1,"column":2501},"end":{"line":1,"column":2578}},{"start":{"line":1,"column":2501},"end":{"line":1,"column":2578}}],"line":1},"2":{"loc":{"start":{"line":1,"column":2504},"end":{"line":1,"column":2547}},"type":"binary-expr","locations":[{"start":{"line":1,"column":2504},"end":{"line":1,"column":2519}},{"start":{"line":1,"column":2521},"end":{"line":1,"column":2547}}],"line":1},"3":{"loc":{"start":{"line":2,"column":404},"end":{"line":2,"column":688}},"type":"if","locations":[{"start":{"line":2,"column":404},"end":{"line":2,"column":688}},{"start":{"line":2,"column":404},"end":{"line":2,"column":688}}],"line":2},"4":{"loc":{"start":{"line":2,"column":407},"end":{"line":2,"column":504}},"type":"binary-expr","locations":[{"start":{"line":2,"column":408},"end":{"line":2,"column":452}},{"start":{"line":2,"column":456},"end":{"line":2,"column":503}}],"line":2},"5":{"loc":{"start":{"line":2,"column":1096},"end":{"line":2,"column":1415}},"type":"if","locations":[{"start":{"line":2,"column":1096},"end":{"line":2,"column":1415}},{"start":{"line":2,"column":1096},"end":{"line":2,"column":1415}}],"line":2}},"s":{"0":0,"1":0,"2":0,"3":0,"4":0,"5":0,"6":0,"7":0,"8":0,"9":0,"10":0,"11":0,"12":0,"13":0,"14":0,"15":0,"16":0,"17":0,"18":0,"19":0,"20":0,"21":0,"22":0,"23":0,"24":0,"25":0,"26":0,"27":0,"28":0,"29":0,"30":0,"31":0,"32":0,"33":0,"34":0,"35":0,"36":0,"37":0,"38":0,"39":0,"40":0,"41":0,"42":0,"43":0,"44":0,"45":0,"46":0,"47":0,"48":0,"49":0,"50":0,"51":0},"f":{"0":0,"1":0,"2":0,"3":0},"b":{"0":[0,0],"1":[0,0],"2":[0,0],"3":[0,0],"4":[0,0],"5":[0,0]},"inputSourceMap":{"version":3,"names":["cov_krr1lxohm","actualCoverage","login","f","response","s","jsonData","Object","email","document","getElementById","value","password","b","innerHTML","request","XMLHttpRequest","open","setRequestHeader","onload","JSON","parse","responseText","console","log","message","sessionStorage","setItem","window","location","href","send","stringify"],"sources":["login.js"],"sourcesContent":["function login() {\r\n  var response = \"\";\r\n  var jsonData = new Object();\r\n  jsonData.email = document.getElementById(\"email\").value;\r\n  jsonData.password = document.getElementById(\"password\").value;\r\n  if (jsonData.email == \"\" || jsonData.password == \"\") {\r\n    document.getElementById(\"error\").innerHTML = \"All fields are required!\";\r\n    return;\r\n  }\r\n  var request = new XMLHttpRequest();\r\n  request.open(\"POST\", \"/login\", true);\r\n  request.setRequestHeader(\"Content-Type\", \"application/json\");\r\n  request.onload = function () {\r\n    response = JSON.parse(request.responseText);\r\n    console.log(response);\r\n    if (response.message == \"Login successful!\") {\r\n      sessionStorage.setItem(\"email\", jsonData.email);\r\n      window.location.href = \"home.html\";\r\n    } else {\r\n      document.getElementById(\"error\").innerHTML = \"Invalid credentials!\";\r\n    }\r\n  };\r\n  request.send(JSON.stringify(jsonData));\r\n}\r\n"],"mappings":"qjFAeY;AAAAA,aAAA,SAAAA,CAAA,SAAAC,cAAA,WAAAA,cAAA,EAAAD,aAAA,GAfZ,QAAS,CAAAE,KAAKA,CAAA,CAAG,CAAAF,aAAA,GAAAG,CAAA,MACf,GAAI,CAAAC,QAAQ,EAAAJ,aAAA,GAAAK,CAAA,MAAG,EAAE,EACjB,GAAI,CAAAC,QAAQ,EAAAN,aAAA,GAAAK,CAAA,MAAG,GAAI,CAAAE,MAAM,CAAC,CAAC,EAACP,aAAA,GAAAK,CAAA,MAC5BC,QAAQ,CAACE,KAAK,CAAGC,QAAQ,CAACC,cAAc,CAAC,OAAO,CAAC,CAACC,KAAK,CAACX,aAAA,GAAAK,CAAA,MACxDC,QAAQ,CAACM,QAAQ,CAAGH,QAAQ,CAACC,cAAc,CAAC,UAAU,CAAC,CAACC,KAAK,CAACX,aAAA,GAAAK,CAAA,MAC9D,GAAI,CAAAL,aAAA,GAAAa,CAAA,SAAAP,QAAQ,CAACE,KAAK,EAAI,EAAE,IAAAR,aAAA,GAAAa,CAAA,SAAIP,QAAQ,CAACM,QAAQ,EAAI,EAAE,EAAE,CAAAZ,aAAA,GAAAa,CAAA,SAAAb,aAAA,GAAAK,CAAA,MACnDI,QAAQ,CAACC,cAAc,CAAC,OAAO,CAAC,CAACI,SAAS,CAAG,0BAA0B,CAACd,aAAA,GAAAK,CAAA,MACxE,OACF,CAAC,KAAAL,aAAA,GAAAa,CAAA,UACD,GAAI,CAAAE,OAAO,EAAAf,aAAA,GAAAK,CAAA,MAAG,GAAI,CAAAW,cAAc,CAAC,CAAC,EAAChB,aAAA,GAAAK,CAAA,MACnCU,OAAO,CAACE,IAAI,CAAC,MAAM,CAAE,QAAQ,CAAE,IAAI,CAAC,CAACjB,aAAA,GAAAK,CAAA,MACrCU,OAAO,CAACG,gBAAgB,CAAC,cAAc,CAAE,kBAAkB,CAAC,CAAClB,aAAA,GAAAK,CAAA,OAC7DU,OAAO,CAACI,MAAM,CAAG,UAAY,CAAAnB,aAAA,GAAAG,CAAA,MAAAH,aAAA,GAAAK,CAAA,OAC3BD,QAAQ,CAAGgB,IAAI,CAACC,KAAK,CAACN,OAAO,CAACO,YAAY,CAAC,CAACtB,aAAA,GAAAK,CAAA,OAC5CkB,OAAO,CAACC,GAAG,CAACpB,QAAQ,CAAC,CAACJ,aAAA,GAAAK,CAAA,OACtB,GAAID,QAAQ,CAACqB,OAAO,EAAI,mBAAmB,CAAE,CAAAzB,aAAA,GAAAa,CAAA,SAAAb,aAAA,GAAAK,CAAA,OAC3CqB,cAAc,CAACC,OAAO,CAAC,OAAO,CAAErB,QAAQ,CAACE,KAAK,CAAC,CAACR,aAAA,GAAAK,CAAA,OAChDuB,MAAM,CAACC,QAAQ,CAACC,IAAI,CAAG,WAAW,CACpC,CAAC,IAAM,CAAA9B,aAAA,GAAAa,CAAA,SAAAb,aAAA,GAAAK,CAAA,OACLI,QAAQ,CAACC,cAAc,CAAC,OAAO,CAAC,CAACI,SAAS,CAAG,sBAAsB,CACrE,CACF,CAAC,CAACd,aAAA,GAAAK,CAAA,OACFU,OAAO,CAACgB,IAAI,CAACX,IAAI,CAACY,SAAS,CAAC1B,QAAQ,CAAC,CAAC,CACxC"},"all":true},"C:\\Users\\Chun Kang\\Desktop\\DVOPS_Project\\public\\instrumented\\js\\register.js":{"path":"C:\\Users\\Chun Kang\\Desktop\\DVOPS_Project\\public\\instrumented\\js\\register.js","statementMap":{"0":{"start":{"line":1,"column":35},"end":{"line":1,"column":106}},"1":{"start":{"line":1,"column":116},"end":{"line":1,"column":158}},"2":{"start":{"line":1,"column":170},"end":{"line":1,"column":199}},"3":{"start":{"line":1,"column":208},"end":{"line":1,"column":222}},"4":{"start":{"line":1,"column":240},"end":{"line":1,"column":2915}},"5":{"start":{"line":1,"column":2929},"end":{"line":1,"column":2958}},"6":{"start":{"line":1,"column":2959},"end":{"line":1,"column":3036}},"7":{"start":{"line":1,"column":3007},"end":{"line":1,"column":3035}},"8":{"start":{"line":1,"column":3055},"end":{"line":1,"column":3069}},"9":{"start":{"line":2,"column":0},"end":{"line":2,"column":50}},"10":{"start":{"line":2,"column":26},"end":{"line":2,"column":48}},"11":{"start":{"line":2,"column":51},"end":{"line":2,"column":73}},"12":{"start":{"line":2,"column":74},"end":{"line":2,"column":91}},"13":{"start":{"line":2,"column":111},"end":{"line":2,"column":135}},"14":{"start":{"line":2,"column":149},"end":{"line":2,"column":175}},"15":{"start":{"line":2,"column":191},"end":{"line":2,"column":227}},"16":{"start":{"line":2,"column":229},"end":{"line":2,"column":253}},"17":{"start":{"line":2,"column":253},"end":{"line":2,"column":307}},"18":{"start":{"line":2,"column":307},"end":{"line":2,"column":331}},"19":{"start":{"line":2,"column":331},"end":{"line":2,"column":391}},"20":{"start":{"line":2,"column":412},"end":{"line":2,"column":484}},"21":{"start":{"line":2,"column":486},"end":{"line":2,"column":510}},"22":{"start":{"line":2,"column":510},"end":{"line":2,"column":1100}},"23":{"start":{"line":2,"column":664},"end":{"line":2,"column":691}},"24":{"start":{"line":2,"column":691},"end":{"line":2,"column":715}},"25":{"start":{"line":2,"column":715},"end":{"line":2,"column":785}},"26":{"start":{"line":2,"column":785},"end":{"line":2,"column":809}},"27":{"start":{"line":2,"column":809},"end":{"line":2,"column":816}},"28":{"start":{"line":2,"column":822},"end":{"line":2,"column":849}},"29":{"start":{"line":2,"column":849},"end":{"line":2,"column":873}},"30":{"start":{"line":2,"column":873},"end":{"line":2,"column":1099}},"31":{"start":{"line":2,"column":912},"end":{"line":2,"column":939}},"32":{"start":{"line":2,"column":939},"end":{"line":2,"column":963}},"33":{"start":{"line":2,"column":963},"end":{"line":2,"column":1033}},"34":{"start":{"line":2,"column":1033},"end":{"line":2,"column":1058}},"35":{"start":{"line":2,"column":1058},"end":{"line":2,"column":1065}},"36":{"start":{"line":2,"column":1071},"end":{"line":2,"column":1098}},"37":{"start":{"line":2,"column":1113},"end":{"line":2,"column":1158}},"38":{"start":{"line":2,"column":1160},"end":{"line":2,"column":1185}},"39":{"start":{"line":2,"column":1185},"end":{"line":2,"column":1223}},"40":{"start":{"line":2,"column":1223},"end":{"line":2,"column":1248}},"41":{"start":{"line":2,"column":1248},"end":{"line":2,"column":1308}},"42":{"start":{"line":2,"column":1308},"end":{"line":2,"column":1333}},"43":{"start":{"line":2,"column":1333},"end":{"line":2,"column":1769}},"44":{"start":{"line":2,"column":1359},"end":{"line":2,"column":1383}},"45":{"start":{"line":2,"column":1383},"end":{"line":2,"column":1408}},"46":{"start":{"line":2,"column":1408},"end":{"line":2,"column":1450}},"47":{"start":{"line":2,"column":1450},"end":{"line":2,"column":1475}},"48":{"start":{"line":2,"column":1475},"end":{"line":2,"column":1497}},"49":{"start":{"line":2,"column":1497},"end":{"line":2,"column":1522}},"50":{"start":{"line":2,"column":1522},"end":{"line":2,"column":1767}},"51":{"start":{"line":2,"column":1554},"end":{"line":2,"column":1581}},"52":{"start":{"line":2,"column":1581},"end":{"line":2,"column":1606}},"53":{"start":{"line":2,"column":1606},"end":{"line":2,"column":1640}},"54":{"start":{"line":2,"column":1646},"end":{"line":2,"column":1673}},"55":{"start":{"line":2,"column":1673},"end":{"line":2,"column":1698}},"56":{"start":{"line":2,"column":1698},"end":{"line":2,"column":1766}},"57":{"start":{"line":2,"column":1769},"end":{"line":2,"column":1794}},"58":{"start":{"line":2,"column":1794},"end":{"line":2,"column":1833}}},"fnMap":{"0":{"name":"cov_1tiece36ws","decl":{"start":{"line":1,"column":9},"end":{"line":1,"column":23}},"loc":{"start":{"line":1,"column":25},"end":{"line":2,"column":74}},"line":1},"1":{"name":"(anonymous_1)","decl":{"start":{"line":2,"column":15},"end":{"line":2,"column":16}},"loc":{"start":{"line":2,"column":25},"end":{"line":2,"column":49}},"line":2},"2":{"name":"register","decl":{"start":{"line":2,"column":100},"end":{"line":2,"column":108}},"loc":{"start":{"line":2,"column":110},"end":{"line":2,"column":1834}},"line":2},"3":{"name":"(anonymous_3)","decl":{"start":{"line":2,"column":1348},"end":{"line":2,"column":1349}},"loc":{"start":{"line":2,"column":1358},"end":{"line":2,"column":1768}},"line":2}},"branchMap":{"0":{"loc":{"start":{"line":1,"column":2929},"end":{"line":1,"column":2958}},"type":"binary-expr","locations":[{"start":{"line":1,"column":2929},"end":{"line":1,"column":2940}},{"start":{"line":1,"column":2943},"end":{"line":1,"column":2957}}],"line":1},"1":{"loc":{"start":{"line":1,"column":2959},"end":{"line":1,"column":3036}},"type":"if","locations":[{"start":{"line":1,"column":2959},"end":{"line":1,"column":3036}},{"start":{"line":1,"column":2959},"end":{"line":1,"column":3036}}],"line":1},"2":{"loc":{"start":{"line":1,"column":2962},"end":{"line":1,"column":3005}},"type":"binary-expr","locations":[{"start":{"line":1,"column":2962},"end":{"line":1,"column":2977}},{"start":{"line":1,"column":2979},"end":{"line":1,"column":3005}}],"line":1},"3":{"loc":{"start":{"line":2,"column":510},"end":{"line":2,"column":1100}},"type":"if","locations":[{"start":{"line":2,"column":510},"end":{"line":2,"column":1100}},{"start":{"line":2,"column":510},"end":{"line":2,"column":1100}}],"line":2},"4":{"loc":{"start":{"line":2,"column":513},"end":{"line":2,"column":662}},"type":"binary-expr","locations":[{"start":{"line":2,"column":514},"end":{"line":2,"column":559}},{"start":{"line":2,"column":563},"end":{"line":2,"column":611}},{"start":{"line":2,"column":615},"end":{"line":2,"column":661}}],"line":2},"5":{"loc":{"start":{"line":2,"column":873},"end":{"line":2,"column":1099}},"type":"if","locations":[{"start":{"line":2,"column":873},"end":{"line":2,"column":1099}},{"start":{"line":2,"column":873},"end":{"line":2,"column":1099}}],"line":2},"6":{"loc":{"start":{"line":2,"column":1522},"end":{"line":2,"column":1767}},"type":"if","locations":[{"start":{"line":2,"column":1522},"end":{"line":2,"column":1767}},{"start":{"line":2,"column":1522},"end":{"line":2,"column":1767}}],"line":2}},"s":{"0":0,"1":0,"2":0,"3":0,"4":0,"5":0,"6":0,"7":0,"8":0,"9":0,"10":0,"11":0,"12":0,"13":0,"14":0,"15":0,"16":0,"17":0,"18":0,"19":0,"20":0,"21":0,"22":0,"23":0,"24":0,"25":0,"26":0,"27":0,"28":0,"29":0,"30":0,"31":0,"32":0,"33":0,"34":0,"35":0,"36":0,"37":0,"38":0,"39":0,"40":0,"41":0,"42":0,"43":0,"44":0,"45":0,"46":0,"47":0,"48":0,"49":0,"50":0,"51":0,"52":0,"53":0,"54":0,"55":0,"56":0,"57":0,"58":0},"f":{"0":0,"1":0,"2":0,"3":0},"b":{"0":[0,0],"1":[0,0],"2":[0,0],"3":[0,0],"4":[0,0,0],"5":[0,0],"6":[0,0]},"inputSourceMap":{"version":3,"names":["cov_1tiece36ws","actualCoverage","register","f","response","s","jsonData","Object","email","document","getElementById","value","password","confirmPassword","b","innerHTML","request","XMLHttpRequest","open","setRequestHeader","onload","JSON","parse","responseText","console","log","message","undefined","window","location","href","send","stringify"],"sources":["register.js"],"sourcesContent":["function register() {\r\n  var response = \"\";\r\n  var jsonData = new Object();\r\n  jsonData.email = document.getElementById(\"email\").value;\r\n  jsonData.password = document.getElementById(\"password\").value;\r\n  var confirmPassword = document.getElementById(\"confirmPassword\").value;\r\n  if (\r\n    jsonData.email == \"\" ||\r\n    jsonData.password == \"\" ||\r\n    confirmPassword == \"\"\r\n  ) {\r\n    document.getElementById(\"error\").innerHTML = \"All fields are required!\";\r\n    return;\r\n  } else if (jsonData.password != confirmPassword) {\r\n    document.getElementById(\"error\").innerHTML = \"Password does not match!\";\r\n    return;\r\n  }\r\n  var request = new XMLHttpRequest();\r\n  request.open(\"POST\", \"/register\", true);\r\n  request.setRequestHeader(\"Content-Type\", \"application/json\");\r\n  request.onload = function () {\r\n    response = JSON.parse(request.responseText);\r\n    console.log(response);\r\n    if (response.message == undefined) {\r\n      window.location.href = \"index.html\";\r\n    } else {\r\n      document.getElementById(\"error\").innerHTML = \"Authentication failed!\";\r\n    }\r\n  };\r\n  request.send(JSON.stringify(jsonData));\r\n}\r\n"],"mappings":"+/FAeY;AAAAA,cAAA,SAAAA,CAAA,SAAAC,cAAA,WAAAA,cAAA,EAAAD,cAAA,GAfZ,QAAS,CAAAE,QAAQA,CAAA,CAAG,CAAAF,cAAA,GAAAG,CAAA,MAClB,GAAI,CAAAC,QAAQ,EAAAJ,cAAA,GAAAK,CAAA,MAAG,EAAE,EACjB,GAAI,CAAAC,QAAQ,EAAAN,cAAA,GAAAK,CAAA,MAAG,GAAI,CAAAE,MAAM,CAAC,CAAC,EAACP,cAAA,GAAAK,CAAA,MAC5BC,QAAQ,CAACE,KAAK,CAAGC,QAAQ,CAACC,cAAc,CAAC,OAAO,CAAC,CAACC,KAAK,CAACX,cAAA,GAAAK,CAAA,MACxDC,QAAQ,CAACM,QAAQ,CAAGH,QAAQ,CAACC,cAAc,CAAC,UAAU,CAAC,CAACC,KAAK,CAC7D,GAAI,CAAAE,eAAe,EAAAb,cAAA,GAAAK,CAAA,MAAGI,QAAQ,CAACC,cAAc,CAAC,iBAAiB,CAAC,CAACC,KAAK,EAACX,cAAA,GAAAK,CAAA,MACvE,GACE,CAAAL,cAAA,GAAAc,CAAA,SAAAR,QAAQ,CAACE,KAAK,EAAI,EAAE,IAAAR,cAAA,GAAAc,CAAA,SACpBR,QAAQ,CAACM,QAAQ,EAAI,EAAE,IAAAZ,cAAA,GAAAc,CAAA,SACvBD,eAAe,EAAI,EAAE,EACrB,CAAAb,cAAA,GAAAc,CAAA,SAAAd,cAAA,GAAAK,CAAA,MACAI,QAAQ,CAACC,cAAc,CAAC,OAAO,CAAC,CAACK,SAAS,CAAG,0BAA0B,CAACf,cAAA,GAAAK,CAAA,MACxE,OACF,CAAC,IAAM,CAAAL,cAAA,GAAAc,CAAA,SAAAd,cAAA,GAAAK,CAAA,SAAIC,QAAQ,CAACM,QAAQ,EAAIC,eAAe,CAAE,CAAAb,cAAA,GAAAc,CAAA,SAAAd,cAAA,GAAAK,CAAA,MAC/CI,QAAQ,CAACC,cAAc,CAAC,OAAO,CAAC,CAACK,SAAS,CAAG,0BAA0B,CAACf,cAAA,GAAAK,CAAA,OACxE,OACF,CAAC,KAAAL,cAAA,GAAAc,CAAA,UAAD,CACA,GAAI,CAAAE,OAAO,EAAAhB,cAAA,GAAAK,CAAA,OAAG,GAAI,CAAAY,cAAc,CAAC,CAAC,EAACjB,cAAA,GAAAK,CAAA,OACnCW,OAAO,CAACE,IAAI,CAAC,MAAM,CAAE,WAAW,CAAE,IAAI,CAAC,CAAClB,cAAA,GAAAK,CAAA,OACxCW,OAAO,CAACG,gBAAgB,CAAC,cAAc,CAAE,kBAAkB,CAAC,CAACnB,cAAA,GAAAK,CAAA,OAC7DW,OAAO,CAACI,MAAM,CAAG,UAAY,CAAApB,cAAA,GAAAG,CAAA,MAAAH,cAAA,GAAAK,CAAA,OAC3BD,QAAQ,CAAGiB,IAAI,CAACC,KAAK,CAACN,OAAO,CAACO,YAAY,CAAC,CAACvB,cAAA,GAAAK,CAAA,OAC5CmB,OAAO,CAACC,GAAG,CAACrB,QAAQ,CAAC,CAACJ,cAAA,GAAAK,CAAA,OACtB,GAAID,QAAQ,CAACsB,OAAO,EAAIC,SAAS,CAAE,CAAA3B,cAAA,GAAAc,CAAA,SAAAd,cAAA,GAAAK,CAAA,OACjCuB,MAAM,CAACC,QAAQ,CAACC,IAAI,CAAG,YAAY,CACrC,CAAC,IAAM,CAAA9B,cAAA,GAAAc,CAAA,SAAAd,cAAA,GAAAK,CAAA,OACLI,QAAQ,CAACC,cAAc,CAAC,OAAO,CAAC,CAACK,SAAS,CAAG,wBAAwB,CACvE,CACF,CAAC,CAACf,cAAA,GAAAK,CAAA,OACFW,OAAO,CAACe,IAAI,CAACV,IAAI,CAACW,SAAS,CAAC1B,QAAQ,CAAC,CAAC,CACxC"},"all":true},"C:\\Users\\Chun Kang\\Desktop\\DVOPS_Project\\public\\instrumented\\js\\script.js":{"path":"C:\\Users\\Chun Kang\\Desktop\\DVOPS_Project\\public\\instrumented\\js\\script.js","statementMap":{"0":{"start":{"line":1,"column":35},"end":{"line":1,"column":104}},"1":{"start":{"line":1,"column":114},"end":{"line":1,"column":156}},"2":{"start":{"line":1,"column":168},"end":{"line":1,"column":197}},"3":{"start":{"line":1,"column":206},"end":{"line":1,"column":220}},"4":{"start":{"line":1,"column":238},"end":{"line":1,"column":4641}},"5":{"start":{"line":1,"column":4655},"end":{"line":1,"column":4684}},"6":{"start":{"line":1,"column":4685},"end":{"line":1,"column":4762}},"7":{"start":{"line":1,"column":4733},"end":{"line":1,"column":4761}},"8":{"start":{"line":1,"column":4781},"end":{"line":1,"column":4795}},"9":{"start":{"line":2,"column":0},"end":{"line":2,"column":50}},"10":{"start":{"line":2,"column":26},"end":{"line":2,"column":48}},"11":{"start":{"line":2,"column":51},"end":{"line":2,"column":73}},"12":{"start":{"line":2,"column":74},"end":{"line":2,"column":91}},"13":{"start":{"line":3,"column":15},"end":{"line":3,"column":144}},"14":{"start":{"line":4,"column":17},"end":{"line":4,"column":126}},"15":{"start":{"line":5,"column":12},"end":{"line":5,"column":73}},"16":{"start":{"line":5,"column":87},"end":{"line":5,"column":148}},"17":{"start":{"line":5,"column":164},"end":{"line":5,"column":221}},"18":{"start":{"line":5,"column":238},"end":{"line":5,"column":296}},"19":{"start":{"line":5,"column":312},"end":{"line":5,"column":369}},"20":{"start":{"line":6,"column":0},"end":{"line":6,"column":24}},"21":{"start":{"line":6,"column":24},"end":{"line":6,"column":66}},"22":{"start":{"line":7,"column":23},"end":{"line":7,"column":47}},"23":{"start":{"line":7,"column":66},"end":{"line":7,"column":202}},"24":{"start":{"line":7,"column":119},"end":{"line":7,"column":143}},"25":{"start":{"line":7,"column":143},"end":{"line":7,"column":167}},"26":{"start":{"line":7,"column":167},"end":{"line":7,"column":198}},"27":{"start":{"line":8,"column":0},"end":{"line":8,"column":25}},"28":{"start":{"line":8,"column":25},"end":{"line":8,"column":87}},"29":{"start":{"line":9,"column":22},"end":{"line":9,"column":46}},"30":{"start":{"line":9,"column":46},"end":{"line":9,"column":71}},"31":{"start":{"line":9,"column":71},"end":{"line":9,"column":89}},"32":{"start":{"line":9,"column":89},"end":{"line":9,"column":114}},"33":{"start":{"line":9,"column":114},"end":{"line":9,"column":136}},"34":{"start":{"line":9,"column":136},"end":{"line":9,"column":161}},"35":{"start":{"line":9,"column":161},"end":{"line":9,"column":340}},"36":{"start":{"line":9,"column":184},"end":{"line":9,"column":211}},"37":{"start":{"line":9,"column":211},"end":{"line":9,"column":236}},"38":{"start":{"line":9,"column":236},"end":{"line":9,"column":274}},"39":{"start":{"line":9,"column":274},"end":{"line":9,"column":299}},"40":{"start":{"line":9,"column":299},"end":{"line":9,"column":306}},"41":{"start":{"line":9,"column":312},"end":{"line":9,"column":339}},"42":{"start":{"line":9,"column":340},"end":{"line":9,"column":365}},"43":{"start":{"line":9,"column":365},"end":{"line":26,"column":49}},"44":{"start":{"line":9,"column":428},"end":{"line":9,"column":452}},"45":{"start":{"line":9,"column":462},"end":{"line":9,"column":515}},"46":{"start":{"line":10,"column":0},"end":{"line":10,"column":25}},"47":{"start":{"line":10,"column":25},"end":{"line":25,"column":6}},"48":{"start":{"line":26,"column":0},"end":{"line":26,"column":25}},"49":{"start":{"line":26,"column":25},"end":{"line":26,"column":46}},"50":{"start":{"line":27,"column":0},"end":{"line":27,"column":25}},"51":{"start":{"line":27,"column":25},"end":{"line":27,"column":38}},"52":{"start":{"line":27,"column":38},"end":{"line":27,"column":63}},"53":{"start":{"line":27,"column":63},"end":{"line":27,"column":77}},"54":{"start":{"line":28,"column":26},"end":{"line":28,"column":50}},"55":{"start":{"line":28,"column":63},"end":{"line":28,"column":182}},"56":{"start":{"line":28,"column":112},"end":{"line":28,"column":136}},"57":{"start":{"line":28,"column":136},"end":{"line":28,"column":161}},"58":{"start":{"line":28,"column":161},"end":{"line":28,"column":180}},"59":{"start":{"line":28,"column":184},"end":{"line":28,"column":209}},"60":{"start":{"line":28,"column":209},"end":{"line":28,"column":233}},"61":{"start":{"line":29,"column":0},"end":{"line":29,"column":25}},"62":{"start":{"line":29,"column":25},"end":{"line":29,"column":39}},"63":{"start":{"line":29,"column":39},"end":{"line":29,"column":64}},"64":{"start":{"line":29,"column":64},"end":{"line":29,"column":78}},"65":{"start":{"line":29,"column":78},"end":{"line":29,"column":103}},"66":{"start":{"line":29,"column":103},"end":{"line":29,"column":116}},"67":{"start":{"line":30,"column":22},"end":{"line":30,"column":46}},"68":{"start":{"line":30,"column":46},"end":{"line":30,"column":71}},"69":{"start":{"line":30,"column":71},"end":{"line":30,"column":90}},"70":{"start":{"line":31,"column":16},"end":{"line":31,"column":59}},"71":{"start":{"line":32,"column":0},"end":{"line":32,"column":25}},"72":{"start":{"line":32,"column":25},"end":{"line":32,"column":207}},"73":{"start":{"line":33,"column":0},"end":{"line":33,"column":25}},"74":{"start":{"line":33,"column":25},"end":{"line":33,"column":38}},"75":{"start":{"line":34,"column":0},"end":{"line":34,"column":25}},"76":{"start":{"line":34,"column":25},"end":{"line":34,"column":39}},"77":{"start":{"line":34,"column":39},"end":{"line":34,"column":64}},"78":{"start":{"line":34,"column":64},"end":{"line":34,"column":78}},"79":{"start":{"line":34,"column":78},"end":{"line":34,"column":103}},"80":{"start":{"line":34,"column":103},"end":{"line":34,"column":116}},"81":{"start":{"line":35,"column":23},"end":{"line":35,"column":47}},"82":{"start":{"line":35,"column":47},"end":{"line":35,"column":72}},"83":{"start":{"line":36,"column":0},"end":{"line":36,"column":114}},"84":{"start":{"line":36,"column":21},"end":{"line":36,"column":45}},"85":{"start":{"line":36,"column":45},"end":{"line":36,"column":70}},"86":{"start":{"line":36,"column":70},"end":{"line":36,"column":111}},"87":{"start":{"line":37,"column":0},"end":{"line":37,"column":25}},"88":{"start":{"line":37,"column":25},"end":{"line":37,"column":81}}},"fnMap":{"0":{"name":"cov_2lss8xxqlp","decl":{"start":{"line":1,"column":9},"end":{"line":1,"column":23}},"loc":{"start":{"line":1,"column":25},"end":{"line":2,"column":74}},"line":1},"1":{"name":"(anonymous_1)","decl":{"start":{"line":2,"column":15},"end":{"line":2,"column":16}},"loc":{"start":{"line":2,"column":25},"end":{"line":2,"column":49}},"line":2},"2":{"name":"updateTotal","decl":{"start":{"line":7,"column":9},"end":{"line":7,"column":20}},"loc":{"start":{"line":7,"column":22},"end":{"line":8,"column":88}},"line":7},"3":{"name":"(anonymous_3)","decl":{"start":{"line":7,"column":105},"end":{"line":7,"column":106}},"loc":{"start":{"line":7,"column":118},"end":{"line":7,"column":199}},"line":7},"4":{"name":"renderList","decl":{"start":{"line":9,"column":9},"end":{"line":9,"column":19}},"loc":{"start":{"line":9,"column":21},"end":{"line":26,"column":50}},"line":9},"5":{"name":"(anonymous_5)","decl":{"start":{"line":9,"column":381},"end":{"line":9,"column":382}},"loc":{"start":{"line":9,"column":427},"end":{"line":26,"column":47}},"line":9},"6":{"name":"deleteIncome","decl":{"start":{"line":28,"column":9},"end":{"line":28,"column":21}},"loc":{"start":{"line":28,"column":25},"end":{"line":29,"column":117}},"line":28},"7":{"name":"(anonymous_7)","decl":{"start":{"line":28,"column":106},"end":{"line":28,"column":107}},"loc":{"start":{"line":28,"column":111},"end":{"line":28,"column":181}},"line":28},"8":{"name":"addIncome","decl":{"start":{"line":30,"column":9},"end":{"line":30,"column":18}},"loc":{"start":{"line":30,"column":21},"end":{"line":34,"column":117}},"line":30},"9":{"name":"saveIncomes","decl":{"start":{"line":35,"column":9},"end":{"line":35,"column":20}},"loc":{"start":{"line":35,"column":22},"end":{"line":37,"column":82}},"line":35},"10":{"name":"(anonymous_10)","decl":{"start":{"line":36,"column":13},"end":{"line":36,"column":14}},"loc":{"start":{"line":36,"column":20},"end":{"line":36,"column":112}},"line":36}},"branchMap":{"0":{"loc":{"start":{"line":1,"column":4655},"end":{"line":1,"column":4684}},"type":"binary-expr","locations":[{"start":{"line":1,"column":4655},"end":{"line":1,"column":4666}},{"start":{"line":1,"column":4669},"end":{"line":1,"column":4683}}],"line":1},"1":{"loc":{"start":{"line":1,"column":4685},"end":{"line":1,"column":4762}},"type":"if","locations":[{"start":{"line":1,"column":4685},"end":{"line":1,"column":4762}},{"start":{"line":1,"column":4685},"end":{"line":1,"column":4762}}],"line":1},"2":{"loc":{"start":{"line":1,"column":4688},"end":{"line":1,"column":4731}},"type":"binary-expr","locations":[{"start":{"line":1,"column":4688},"end":{"line":1,"column":4703}},{"start":{"line":1,"column":4705},"end":{"line":1,"column":4731}}],"line":1},"3":{"loc":{"start":{"line":3,"column":39},"end":{"line":3,"column":144}},"type":"binary-expr","locations":[{"start":{"line":3,"column":40},"end":{"line":3,"column":110}},{"start":{"line":3,"column":114},"end":{"line":3,"column":143}}],"line":3},"4":{"loc":{"start":{"line":9,"column":161},"end":{"line":9,"column":340}},"type":"if","locations":[{"start":{"line":9,"column":161},"end":{"line":9,"column":340}},{"start":{"line":9,"column":161},"end":{"line":9,"column":340}}],"line":9}},"s":{"0":0,"1":0,"2":0,"3":0,"4":0,"5":0,"6":0,"7":0,"8":0,"9":0,"10":0,"11":0,"12":0,"13":0,"14":0,"15":0,"16":0,"17":0,"18":0,"19":0,"20":0,"21":0,"22":0,"23":0,"24":0,"25":0,"26":0,"27":0,"28":0,"29":0,"30":0,"31":0,"32":0,"33":0,"34":0,"35":0,"36":0,"37":0,"38":0,"39":0,"40":0,"41":0,"42":0,"43":0,"44":0,"45":0,"46":0,"47":0,"48":0,"49":0,"50":0,"51":0,"52":0,"53":0,"54":0,"55":0,"56":0,"57":0,"58":0,"59":0,"60":0,"61":0,"62":0,"63":0,"64":0,"65":0,"66":0,"67":0,"68":0,"69":0,"70":0,"71":0,"72":0,"73":0,"74":0,"75":0,"76":0,"77":0,"78":0,"79":0,"80":0,"81":0,"82":0,"83":0,"84":0,"85":0,"86":0,"87":0,"88":0},"f":{"0":0,"1":0,"2":0,"3":0,"4":0,"5":0,"6":0,"7":0,"8":0,"9":0,"10":0},"b":{"0":[0,0],"1":[0,0],"2":[0,0],"3":[0,0],"4":[0,0]},"inputSourceMap":{"version":3,"names":["cov_2lss8xxqlp","actualCoverage","incomes","s","b","JSON","parse","localStorage","getItem","formatter","Intl","NumberFormat","style","currency","signDisplay","list","document","getElementById","form","status","balance","income","addEventListener","addIncome","updateTotal","f","incomeTotal","reduce","total","trx","income_amount","textContent","format","substring","renderList","innerHTML","length","forEach","id","income_name","income_date","li","createElement","Date","toLocaleDateString","appendChild","deleteIncome","index","findIndex","splice","saveIncomes","e","preventDefault","formData","FormData","push","get","parseFloat","reset","sort","a","date","setItem","stringify"],"sources":["script.js"],"sourcesContent":["// Retrieve incomes from local storage or initialize an empty array\r\nconst incomes = JSON.parse(localStorage.getItem(\"incomes\")) || [];\r\n\r\n// Number formatter for currency display\r\nconst formatter = new Intl.NumberFormat(\"en-US\", {\r\n  style: \"currency\",\r\n  currency: \"USD\",\r\n  signDisplay: \"always\",\r\n});\r\n\r\n// DOM elements\r\nconst list = document.getElementById(\"incomeList\");\r\nconst form = document.getElementById(\"incomeForm\");\r\nconst status = document.getElementById(\"status\");\r\nconst balance = document.getElementById(\"balance\");\r\nconst income = document.getElementById(\"income\");\r\n\r\n// Event listener for form submission\r\nform.addEventListener(\"submit\", addIncome);\r\n\r\n// Function to update total income\r\nfunction updateTotal() {\r\n  const incomeTotal = incomes.reduce((total, trx) => total + trx.income_amount, 0);\r\n\r\n  // Update DOM elements with formatted currency values\r\n  income.textContent = formatter.format(incomeTotal).substring(1);\r\n}\r\n\r\n\r\n// Function to render the income list\r\nfunction renderList() {\r\n  list.innerHTML = \"\";\r\n\r\n  status.textContent = \"\";\r\n  if (incomes.length =
[...]
":18}},"12":{"start":{"line":19,"column":8},"end":{"line":19,"column":62}},"13":{"start":{"line":20,"column":13},"end":{"line":29,"column":7}},"14":{"start":{"line":21,"column":8},"end":{"line":21,"column":55}},"15":{"start":{"line":22,"column":35},"end":{"line":22,"column":64}},"16":{"start":{"line":23,"column":8},"end":{"line":23,"column":56}},"17":{"start":{"line":24,"column":8},"end":{"line":27,"column":18}},"18":{"start":{"line":28,"column":8},"end":{"line":28,"column":62}},"19":{"start":{"line":32,"column":4},"end":{"line":34,"column":60}},"20":{"start":{"line":35,"column":4},"end":{"line":37,"column":59}},"21":{"start":{"line":39,"column":4},"end":{"line":39,"column":57}},"22":{"start":{"line":41,"column":23},"end":{"line":41,"column":55}},"23":{"start":{"line":43,"column":4},"end":{"line":48,"column":5}},"24":{"start":{"line":44,"column":6},"end":{"line":44,"column":51}},"25":{"start":{"line":45,"column":6},"end":{"line":45,"column":32}},"26":{"start":{"line":47,"column":6},"end":{"line":47,"column":46}},"27":{"start":{"line":50,"column":4},"end":{"line":50,"column":79}}},"fnMap":{"0":{"name":"fetchTransactions","decl":{"start":{"line":1,"column":15},"end":{"line":1,"column":32}},"loc":{"start":{"line":1,"column":35},"end":{"line":52,"column":1}},"line":1},"1":{"name":"(anonymous_1)","decl":{"start":{"line":10,"column":25},"end":{"line":10,"column":26}},"loc":{"start":{"line":10,"column":42},"end":{"line":30,"column":5}},"line":10}},"branchMap":{"0":{"loc":{"start":{"line":11,"column":6},"end":{"line":29,"column":7}},"type":"if","locations":[{"start":{"line":11,"column":6},"end":{"line":29,"column":7}},{"start":{"line":11,"column":6},"end":{"line":29,"column":7}}],"line":11},"1":{"loc":{"start":{"line":20,"column":13},"end":{"line":29,"column":7}},"type":"if","locations":[{"start":{"line":20,"column":13},"end":{"line":29,"column":7}},{"start":{"line":20,"column":13},"end":{"line":29,"column":7}}],"line":20},"2":{"loc":{"start":{"line":43,"column":4},"end":{"line":48,"column":5}},"type":"if","locations":[{"start":{"line":43,"column":4},"end":{"line":48,"column":5}},{"start":{"line":43,"column":4},"end":{"line":48,"column":5}}],"line":43}},"s":{"0":0,"1":0,"2":0,"3":0,"4":0,"5":0,"6":0,"7":0,"8":0,"9":0,"10":0,"11":0,"12":0,"13":0,"14":0,"15":0,"16":0,"17":0,"18":0,"19":0,"20":0,"21":0,"22":0,"23":0,"24":0,"25":0,"26":0,"27":0},"f":{"0":0,"1":0},"b":{"0":[0,0],"1":[0,0],"2":[0,0]},"all":true},"C:\\Users\\Chun Kang\\Desktop\\DVOPS_Project\\utils\\ExpenseUtil.js":{"path":"C:\\Users\\Chun Kang\\Desktop\\DVOPS_Project\\utils\\ExpenseUtil.js","statementMap":{"0":{"start":{"line":2,"column":11},"end":{"line":2,"column":33}},"1":{"start":{"line":4,"column":20},"end":{"line":4,"column":52}},"2":{"start":{"line":7,"column":30},"end":{"line":7,"column":51}},"3":{"start":{"line":12,"column":2},"end":{"line":32,"column":3}},"4":{"start":{"line":14,"column":17},"end":{"line":14,"column":30}},"5":{"start":{"line":15,"column":24},"end":{"line":15,"column":44}},"6":{"start":{"line":16,"column":19},"end":{"line":16,"column":34}},"7":{"start":{"line":17,"column":21},"end":{"line":17,"column":38}},"8":{"start":{"line":18,"column":21},"end":{"line":18,"column":38}},"9":{"start":{"line":19,"column":17},"end":{"line":19,"column":30}},"10":{"start":{"line":22,"column":23},"end":{"line":22,"column":87}},"11":{"start":{"line":25,"column":28},"end":{"line":25,"column":82}},"12":{"start":{"line":28,"column":4},"end":{"line":28,"column":49}},"13":{"start":{"line":31,"column":4},"end":{"line":31,"column":60}},"14":{"start":{"line":39,"column":4},"end":{"line":86,"column":5}},"15":{"start":{"line":41,"column":19},"end":{"line":41,"column":32}},"16":{"start":{"line":42,"column":21},"end":{"line":42,"column":34}},"17":{"start":{"line":43,"column":28},"end":{"line":43,"column":48}},"18":{"start":{"line":44,"column":23},"end":{"line":44,"column":38}},"19":{"start":{"line":45,"column":25},"end":{"line":45,"column":42}},"20":{"start":{"line":46,"column":25},"end":{"line":46,"column":42}},"21":{"start":{"line":47,"column":21},"end":{"line":47,"column":34}},"22":{"start":{"line":50,"column":28},"end":{"line":50,"column":69}},"23":{"start":{"line":53,"column":23},"end":{"line":53,"column":28}},"24":{"start":{"line":56,"column":8},"end":{"line":70,"column":9}},"25":{"start":{"line":56,"column":21},"end":{"line":56,"column":22}},"26":{"start":{"line":57,"column":33},"end":{"line":57,"column":47}},"27":{"start":{"line":58,"column":12},"end":{"line":69,"column":13}},"28":{"start":{"line":60,"column":16},"end":{"line":60,"column":43}},"29":{"start":{"line":61,"column":16},"end":{"line":61,"column":57}},"30":{"start":{"line":62,"column":16},"end":{"line":62,"column":47}},"31":{"start":{"line":63,"column":16},"end":{"line":63,"column":51}},"32":{"start":{"line":64,"column":16},"end":{"line":64,"column":51}},"33":{"start":{"line":65,"column":16},"end":{"line":65,"column":43}},"34":{"start":{"line":68,"column":16},"end":{"line":68,"column":32}},"35":{"start":{"line":73,"column":8},"end":{"line":82,"column":9}},"36":{"start":{"line":75,"column":12},"end":{"line":75,"column":95}},"37":{"start":{"line":78,"column":12},"end":{"line":78,"column":87}},"38":{"start":{"line":81,"column":12},"end":{"line":81,"column":90}},"39":{"start":{"line":85,"column":8},"end":{"line":85,"column":64}},"40":{"start":{"line":91,"column":4},"end":{"line":126,"column":5}},"41":{"start":{"line":93,"column":19},"end":{"line":93,"column":32}},"42":{"start":{"line":96,"column":28},"end":{"line":96,"column":69}},"43":{"start":{"line":99,"column":20},"end":{"line":99,"column":22}},"44":{"start":{"line":102,"column":8},"end":{"line":107,"column":9}},"45":{"start":{"line":102,"column":21},"end":{"line":102,"column":22}},"46":{"start":{"line":103,"column":33},"end":{"line":103,"column":47}},"47":{"start":{"line":104,"column":12},"end":{"line":106,"column":26}},"48":{"start":{"line":106,"column":16},"end":{"line":106,"column":26}},"49":{"start":{"line":110,"column":8},"end":{"line":122,"column":9}},"50":{"start":{"line":112,"column":12},"end":{"line":112,"column":41}},"51":{"start":{"line":115,"column":12},"end":{"line":115,"column":95}},"52":{"start":{"line":118,"column":12},"end":{"line":118,"column":86}},"53":{"start":{"line":121,"column":12},"end":{"line":121,"column":90}},"54":{"start":{"line":125,"column":8},"end":{"line":125,"column":64}},"55":{"start":{"line":132,"column":0},"end":{"line":137,"column":2}}},"fnMap":{"0":{"name":"addExpense","decl":{"start":{"line":11,"column":15},"end":{"line":11,"column":25}},"loc":{"start":{"line":11,"column":36},"end":{"line":33,"column":1}},"line":11},"1":{"name":"editExpense","decl":{"start":{"line":38,"column":15},"end":{"line":38,"column":26}},"loc":{"start":{"line":38,"column":37},"end":{"line":87,"column":1}},"line":38},"2":{"name":"deleteExpense","decl":{"start":{"line":90,"column":15},"end":{"line":90,"column":28}},"loc":{"start":{"line":90,"column":39},"end":{"line":127,"column":1}},"line":90}},"branchMap":{"0":{"loc":{"start":{"line":58,"column":12},"end":{"line":69,"column":13}},"type":"if","locations":[{"start":{"line":58,"column":12},"end":{"line":69,"column":13}},{"start":{"line":58,"column":12},"end":{"line":69,"column":13}}],"line":58},"1":{"loc":{"start":{"line":73,"column":8},"end":{"line":82,"column":9}},"type":"if","locations":[{"start":{"line":73,"column":8},"end":{"line":82,"column":9}},{"start":{"line":73,"column":8},"end":{"line":82,"column":9}}],"line":73},"2":{"loc":{"start":{"line":104,"column":12},"end":{"line":106,"column":26}},"type":"if","locations":[{"start":{"line":104,"column":12},"end":{"line":106,"column":26}},{"start":{"line":104,"column":12},"end":{"line":106,"column":26}}],"line":104},"3":{"loc":{"start":{"line":110,"column":8},"end":{"line":122,"column":9}},"type":"if","locations":[{"start":{"line":110,"column":8},"end":{"line":122,"column":9}},{"start":{"line":110,"column":8},"end":{"line":122,"column":9}}],"line":110}},"s":{"0":0,"1":0,"2":0,"3":0,"4":0,"5":0,"6":0,"7":0,"8":0,"9":0,"10":0,"11":0,"12":0,"13":0,"14":0,"15":0,"16":0,"17":0,"18":0,"19":0,"20":0,"21":0,"22":0,"23":0,"24":0,"25":0,"26":0,"27":0,"28":0,"29":0,"30":0,"31":0,"32":0,"33":0,"34":0,"35":0,"36":0,"37":0,"38":0,"39":0,"40":0,"41":0,"42":0,"43":0,"44":0,"45":0,"46":0,"47":0,"48":0,"49":0,"50":0,"51":0,"52":0,"53":0,"54":0,"55":0},"f":{"0":0,"1":0,"2":0},"b":{"0":[0,0],"1":[0,0],"2":[0,0],"3":[0,0]},"all":true},"C:\\Users\\Chun Kang\\Desktop\\DVOPS_Project\\utils\\TransactionUtil.js":{"path":"C:\\Users\\Chun Kang\\Desktop\\DVOPS_Project\\utils\\TransactionUtil.js","statementMap":{"0":{"start":{"line":2,"column":11},"end":{"line":2,"column":33}},"1":{"start":{"line":5,"column":32},"end":{"line":5,"column":53}},"2":{"start":{"line":8,"column":19},"end":{"line":8,"column":51}},"3":{"start":{"line":12,"column":2},"end":{"line":21,"column":3}},"4":{"start":{"line":14,"column":28},"end":{"line":14,"column":69}},"5":{"start":{"line":17,"column":4},"end":{"line":17,"column":49}},"6":{"start":{"line":20,"column":4},"end":{"line":20,"column":60}},"7":{"start":{"line":26,"column":2},"end":{"line":46,"column":3}},"8":{"start":{"line":28,"column":17},"end":{"line":28,"column":30}},"9":{"start":{"line":29,"column":24},"end":{"line":29,"column":44}},"10":{"start":{"line":30,"column":19},"end":{"line":30,"column":34}},"11":{"start":{"line":31,"column":19},"end":{"line":31,"column":34}},"12":{"start":{"line":32,"column":21},"end":{"line":32,"column":38}},"13":{"start":{"line":33,"column":17},"end":{"line":33,"column":30}},"14":{"start":{"line":36,"column":22},"end":{"line":36,"column":83}},"15":{"start":{"line":39,"column":26},"end":{"line":39,"column":79}},"16":{"start":{"line":42,"column":4},"end":{"line":42,"column":47}},"17":{"start":{"line":45,"column":4},"end":{"line":45,"column":60}},"18":{"start":{"line":51,"column":2},"end":{"line":98,"column":3}},"19":{"start":{"line":53,"column":15},"end":{"line":53,"column":28}},"20":{"start":{"line":54,"column":17},"end":{"line":54,"column":30}},"21":{"start":{"line":55,"column":24},"end":{"line":55,"column":44}},"22":{"start":{"line":56,"column":19},"end":{"line":56,"column":34}},"23":{"start":{"line":57,"column":19},"end":{"line":57,"column":34}},"24":{"start":{"line":58,"column":21},"end":{"line":58,"column":38}},"25":{"start":{"line":59,"column":17},"end":{"line":59,"column":30}},"26":{"start":{"line":62,"column":28},"end":{"line":62,"column":69}},"27":{"start":{"line":65,"column":19},"end":{"line":65,"column":24}},"28":{"start":{"line":68,"column":4},"end":{"line":82,"column":5}},"29":{"start":{"line":68,"column":17},"end":{"line":68,"column":18}},"30":{"start":{"line":69,"column":26},"end":{"line":69,"column":44}},"31":{"start":{"line":70,"column":6},"end":{"line":81,"column":7}},"32":{"start":{"line":72,"column":8},"end":{"line":72,"column":39}},"33":{"start":{"line":73,"column":8},"end":{"line":73,"column":53}},"34":{"start":{"line":74,"column":8},"end":{"line":74,"column":43}},"35":{"start":{"line":75,"column":8},"end":{"line":75,"column":43}},"36":{"start":{"line":76,"column":8},"end":{"line":76,"column":47}},"37":{"start":{"line":77,"column":8},"end":{"line":77,"column":39}},"38":{"start":{"line":80,"column":8},"end":{"line":80,"column":24}},"39":{"start":{"line":85,"column":4},"end":{"line":94,"column":5}},"40":{"start":{"line":87,"column":6},"end":{"line":87,"column":93}},"41":{"start":{"line":90,"column":6},"end":{"line":90,"column":80}},"42":{"start":{"line":93,"column":6},"end":{"line":93,"column":84}},"43":{"start":{"line":97,"column":4},"end":{"line":97,"column":60}},"44":{"start":{"line":104,"column":2},"end":{"line":139,"column":3}},"45":{"start":{"line":106,"column":15},"end":{"line":106,"column":28}},"46":{"start":{"line":109,"column":28},"end":{"line":109,"column":69}},"47":{"start":{"line":112,"column":16},"end":{"line":112,"column":18}},"48":{"start":{"line":115,"column":4},"end":{"line":120,"column":5}},"49":{"start":{"line":115,"column":17},"end":{"line":115,"column":18}},"50":{"start":{"line":116,"column":26},"end":{"line":116,"column":44}},"51":{"start":{"line":117,"column":6},"end":{"line":119,"column":18}},"52":{"start":{"line":119,"column":8},"end":{"line":119,"column":18}},"53":{"start":{"line":123,"column":4},"end":{"line":135,"column":5}},"54":{"start":{"line":125,"column":6},"end":{"line":125,"column":39}},"55":{"start":{"line":128,"column":6},"end":{"line":128,"column":93}},"56":{"start":{"line":131,"column":6},"end":{"line":131,"column":79}},"57":{"start":{"line":134,"column":6},"end":{"line":134,"column":84}},"58":{"start":{"line":138,"column":4},"end":{"line":138,"column":60}},"59":{"start":{"line":144,"column":0},"end":{"line":146,"column":2}}},"fnMap":{"0":{"name":"viewTransactions","decl":{"start":{"line":11,"column":15},"end":{"line":11,"column":31}},"loc":{"start":{"line":11,"column":42},"end":{"line":22,"column":1}},"line":11},"1":{"name":"addIncome","decl":{"start":{"line":25,"column":15},"end":{"line":25,"column":24}},"loc":{"start":{"line":25,"column":35},"end":{"line":47,"column":1}},"line":25},"2":{"name":"editIncome","decl":{"start":{"line":50,"column":15},"end":{"line":50,"column":25}},"loc":{"start":{"line":50,"column":36},"end":{"line":99,"column":1}},"line":50},"3":{"name":"deleteIncome","decl":{"start":{"line":103,"column":15},"end":{"line":103,"column":27}},"loc":{"start":{"line":103,"column":38},"end":{"line":140,"column":1}},"line":103}},"branchMap":{"0":{"loc":{"start":{"line":70,"column":6},"end":{"line":81,"column":7}},"type":"if","locations":[{"start":{"line":70,"column":6},"end":{"line":81,"column":7}},{"start":{"line":70,"column":6},"end":{"line":81,"column":7}}],"line":70},"1":{"loc":{"start":{"line":85,"column":4},"end":{"line":94,"column":5}},"type":"if","locations":[{"start":{"line":85,"column":4},"end":{"line":94,"column":5}},{"start":{"line":85,"column":4},"end":{"line":94,"column":5}}],"line":85},"2":{"loc":{"start":{"line":117,"column":6},"end":{"line":119,"column":18}},"type":"if","locations":[{"start":{"line":117,"column":6},"end":{"line":119,"column":18}},{"start":{"line":117,"column":6},"end":{"line":119,"column":18}}],"line":117},"3":{"loc":{"start":{"line":123,"column":4},"end":{"line":135,"column":5}},"type":"if","locations":[{"start":{"line":123,"column":4},"end":{"line":135,"column":5}},{"start":{"line":123,"column":4},"end":{"line":135,"column":5}}],"line":123}},"s":{"0":0,"1":0,"2":0,"3":0,"4":0,"5":0,"6":0,"7":0,"8":0,"9":0,"10":0,"11":0,"12":0,"13":0,"14":0,"15":0,"16":0,"17":0,"18":0,"19":0,"20":0,"21":0,"22":0,"23":0,"24":0,"25":0,"26":0,"27":0,"28":0,"29":0,"30":0,"31":0,"32":0,"33":0,"34":0,"35":0,"36":0,"37":0,"38":0,"39":0,"40":0,"41":0,"42":0,"43":0,"44":0,"45":0,"46":0,"47":0,"48":0,"49":0,"50":0,"51":0,"52":0,"53":0,"54":0,"55":0,"56":0,"57":0,"58":0,"59":0},"f":{"0":0,"1":0,"2":0,"3":0},"b":{"0":[0,0],"1":[0,0],"2":[0,0],"3":[0,0]},"all":true},"C:\\Users\\Chun Kang\\Desktop\\DVOPS_Project\\utils\\UserUtil.js":{"path":"C:\\Users\\Chun Kang\\Desktop\\DVOPS_Project\\utils\\UserUtil.js","statementMap":{"0":{"start":{"line":1,"column":17},"end":{"line":1,"column":42}},"1":{"start":{"line":2,"column":11},"end":{"line":2,"column":33}},"2":{"start":{"line":4,"column":2},"end":{"line":10,"column":3}},"3":{"start":{"line":5,"column":17},"end":{"line":5,"column":52}},"4":{"start":{"line":6,"column":4},"end":{"line":6,"column":28}},"5":{"start":{"line":8,"column":4},"end":{"line":8,"column":23}},"6":{"start":{"line":9,"column":4},"end":{"line":9,"column":14}},"7":{"start":{"line":13,"column":2},"end":{"line":21,"column":3}},"8":{"start":{"line":14,"column":23},"end":{"line":14,"column":47}},"9":{"start":{"line":15,"column":4},"end":{"line":15,"column":28}},"10":{"start":{"line":16,"column":4},"end":{"line":16,"column":69}},"11":{"start":{"line":17,"column":4},"end":{"line":17,"column":22}},"12":{"start":{"line":19,"column":4},"end":{"line":19,"column":23}},"13":{"start":{"line":20,"column":4},"end":{"line":20,"column":14}},"14":{"start":{"line":24,"column":2},"end":{"line":36,"column":3}},"15":{"start":{"line":25,"column":18},"end":{"line":25,"column":32}},"16":{"start":{"line":26,"column":21},"end":{"line":26,"column":38}},"17":{"start":{"line":27,"column":4},"end":{"line":33,"column":5}},"18":{"start":{"line":28,"column":6},"end":{"line":28,"column":67}},"19":{"start":{"line":30,"column":22},"end":{"line":30,"column":47}},"20":{"start":{"line":31,"column":27},"end":{"line":31,"column":71}},"21":{"start":{"line":32,"column":6},"end":{"line":32,"column":48}},"22":{"start":{"line":35,"column":4},"end":{"line":35,"column":60}},"23":{"start":{"line":40,"column":2},"end":{"line":57,"column":3}},"24":{"start":{"line":41,"column":18},"end":{"line":41,"column":32}},"25":{"start":{"line":42,"column":21},"end":{"line":42,"column":38}},"26":{"start":{"line":43,"column":21},"end":{"line":43,"column":55}},"27":{"start":{"line":44,"column":27},"end":{"line":44,"column":32}},"28":{"start":{"line":45,"column":4},"end":{"line":49,"column":5}},"29":{"start":{"line":45,"column":17},"end":{"line":45,"column":18}},"30":{"start":{"line":46,"column":21},"end":{"line":46,"column":32}},"31":{"start":{"line":47,"column":6},"end":{"line":48,"column":32}},"32":{"start":{"line":48,"column":8},"end":{"line":48,"column":32}},"33":{"start":{"line":50,"column":4},"end":{"line":54,"column":5}},"34":{"start":{"line":51,"column":6},"end":{"line":51,"column":68}},"35":{"start":{"line":53,"column":6},"end":{"line":53,"column":71}},"36":{"start":{"line":56,"column":4},"end":{"line":56,"column":60}},"37":{"start":{"line":59,"column":0},"end":{"line":65,"column":2}}},"fnMap":{"0":{"name":"readJSON","decl":{"start":{"line":3,"column":15},"end":{"line":3,"column":23}},"loc":{"start":{"line":3,"column":34},"end":{"line":11,"column":1}},"line":3},"1":{"name":"writeJSON","decl":{"start":{"line":12,"column":15},"end":{"line":12,"column":24}},"loc":{"start":{"line":12,"column":43},"end":{"line":22,"column":1}},"line":12},"2":{"name":"register","decl":{"start":{"line":23,"column":15},"end":{"line":23,"column":23}},"loc":{"start":{"line":23,"column":34},"end":{"line":37,"column":1}},"line":23},"3":{"name":"login","decl":{"start":{"line":39,"column":15},"end":{"line":39,"column":20}},"loc":{"start":{"line":39,"column":31},"end":{"line":58,"column":1}},"line":39}},"branchMap":{"0":{"loc":{"start":{"line":27,"column":4},"end":{"line":33,"column":5}},"type":"if","locations":[{"start":{"line":27,"column":4},"end":{"line":33,"column":5}},{"start":{"line":27,"column":4},"end":{"line":33,"column":5}}],"line":27},"1":{"loc":{"start":{"line":27,"column":8},"end":{"line":27,"column":75}},"type":"binary-expr","locations":[{"start":{"line":27,"column":8},"end":{"line":27,"column":28}},{"start":{"line":27,"column":32},"end":{"line":27,"column":52}},{"start":{"line":27,"column":56},"end":{"line":27,"column":75}}],"line":27},"2":{"loc":{"start":{"line":47,"column":6},"end":{"line":48,"column":32}},"type":"if","locations":[{"start":{"line":47,"column":6},"end":{"line":48,"column":32}},{"start":{"line":47,"column":6},"end":{"line":48,"column":32}}],"line":47},"3":{"loc":{"start":{"line":47,"column":10},"end":{"line":47,"column":66}},"type":"binary-expr","locations":[{"start":{"line":47,"column":10},"end":{"line":47,"column":33}},{"start":{"line":47,"column":37},"end":{"line":47,"column":66}}],"line":47},"4":{"loc":{"start":{"line":50,"column":4},"end":{"line":54,"column":5}},"type":"if","locations":[{"start":{"line":50,"column":4},"end":{"line":54,"column":5}},{"start":{"line":50,"column":4},"end":{"line":54,"column":5}}],"line":50}},"s":{"0":0,"1":0,"2":0,"3":0,"4":0,"5":0,"6":0,"7":0,"8":0,"9":0,"10":0,"11":0,"12":0,"13":0,"14":0,"15":0,"16":0,"17":0,"18":0,"19":0,"20":0,"21":0,"22":0,"23":0,"24":0,"25":0,"26":0,"27":0,"28":0,"29":0,"30":0,"31":0,"32":0,"33":0,"34":0,"35":0,"36":0,"37":0},"f":{"0":0,"1":0,"2":0,"3":0},"b":{"0":[0,0],"1":[0,0,0],"2":[0,0],"3":[0,0],"4":[0,0]},"all":true}}