{
  "stats": {
    "suites": 4,
    "tests": 18,
    "passes": 18,
    "pending": 0,
    "failures": 0,
    "start": "2023-11-27T21:13:37.061Z",
    "end": "2023-11-27T21:13:37.078Z",
    "duration": 17,
    "testsRegistered": 18,
    "passPercent": 100,
    "pendingPercent": 0,
    "other": 0,
    "hasOther": false,
    "skipped": 0,
    "hasSkipped": false
  },
  "results": [
    {
      "uuid": "754dd562-d6e2-4f14-8b8a-2440026578d2",
      "title": "",
      "fullFile": "",
      "file": "",
      "beforeHooks": [],
      "afterHooks": [],
      "tests": [],
      "suites": [
        {
          "uuid": "88b85436-012b-4efe-a184-0cac3aa2c645",
          "title": "Testing expense related features",
          "fullFile": "/Users/swanhtetaung/Documents/DVOPS-Projects/DVOPS-Group-1/tests/expenseTests.test.js",
          "file": "/tests/expenseTests.test.js",
          "beforeHooks": [
            {
              "title": "\"before each\" hook in \"Testing expense related features\"",
              "fullTitle": "Testing expense related features \"before each\" hook in \"Testing expense related features\"",
              "timedOut": false,
              "duration": 0,
              "state": null,
              "speed": null,
              "pass": false,
              "fail": false,
              "pending": false,
              "context": null,
              "code": "orgContent = await fs.readFile(expensesFilePath, \"utf8\");\norgContent = JSON.parse(orgContent);",
              "err": {},
              "uuid": "d029f383-5fc7-4138-9f5f-9831818f63ea",
              "parentUUID": "88b85436-012b-4efe-a184-0cac3aa2c645",
              "isHook": true,
              "skipped": false
            }
          ],
          "afterHooks": [
            {
              "title": "\"after each\" hook in \"Testing expense related features\"",
              "fullTitle": "Testing expense related features \"after each\" hook in \"Testing expense related features\"",
              "timedOut": false,
              "duration": 0,
              "state": null,
              "speed": null,
              "pass": false,
              "fail": false,
              "pending": false,
              "context": null,
              "code": "await fs.writeFile(expensesFilePath, JSON.stringify(orgContent), \"utf8\");",
              "err": {},
              "uuid": "4d51a4e0-05a9-4e7e-8f21-7dd04b7d4050",
              "parentUUID": "88b85436-012b-4efe-a184-0cac3aa2c645",
              "isHook": true,
              "skipped": false
            }
          ],
          "tests": [
            {
              "title": "Should add a new expense successfully",
              "fullTitle": "Testing expense related features Should add a new expense successfully",
              "timedOut": false,
              "duration": 1,
              "state": "passed",
              "speed": "fast",
              "pass": true,
              "fail": false,
              "pending": false,
              "context": null,
              "code": "const req = {\n  body: {\n    name: \"Groceries\",\n    description: \"Weekly grocery shopping\",\n    amount: 40,\n    category: \"Food\",\n    username: \"john_doe\",\n    date: \"2023-10-30\"\n  }\n};\nconst res = {\n  // Mocking the 'status' method to check if the correct status code is set\n  status: function (code) {\n    expect(code).to.equal(201);\n    return this;\n  },\n  // Mocking the 'json' method to check if the response data is as expected\n  json: function (data) {\n    expect(data).to.have.lengthOf(orgContent.length + 1);\n    expect(data[orgContent.length].name).to.equal(req.body.name);\n  },\n};\n// Calling the 'addExpense' function with the mocked request and response objects\nawait addExpense(req, res);",
              "err": {},
              "uuid": "8f47de4a-7dca-4caa-a5ec-e21c44dca07d",
              "parentUUID": "88b85436-012b-4efe-a184-0cac3aa2c645",
              "isHook": false,
              "skipped": false
            },
            {
              "title": "Should not be able to add an expense due to incomplete input",
              "fullTitle": "Testing expense related features Should not be able to add an expense due to incomplete input",
              "timedOut": false,
              "duration": 0,
              "state": "passed",
              "speed": "fast",
              "pass": true,
              "fail": false,
              "pending": false,
              "context": null,
              "code": "const req = {\n  body: {\n    name: \"Groceries\",\n    description: \"Weekly grocery shopping\",\n    amount: 40,\n    category: \"Food\",\n    date: \"2023-10-30\"\n  },\n};\nconst res = {\n  // Mocking the 'status' method to check if the correct status code is set\n  status: function (code) {\n    expect(code).to.equal(500);\n    return this;\n  },\n  // Mocking the 'json' method to check if the response message is present\n  json: function (data) {\n    expect(data.message).to.not.equal(undefined);\n  },\n};\n// Calling the 'addExpense' function with the mocked request and response objects\nawait addExpense(req, res);",
              "err": {},
              "uuid": "94383948-60cf-46b8-95e0-5eb95bd52f39",
              "parentUUID": "88b85436-012b-4efe-a184-0cac3aa2c645",
              "isHook": false,
              "skipped": false
            },
            {
              "title": "Should edit an expense successfully",
              "fullTitle": "Testing expense related features Should edit an expense successfully",
              "timedOut": false,
              "duration": 0,
              "state": "passed",
              "speed": "fast",
              "pass": true,
              "fail": false,
              "pending": false,
              "context": null,
              "code": "const req = {\n  params: { id: 1700994740174044 },\n  body: {\n    name: \"Groceries\",\n    description: \"Weekly grocery shopping\",\n    amount: 40,\n    category: \"Food\",\n    username: \"john_doe\",\n    date: \"2023-10-30\"\n  }\n};\nconst res = {\n  // Mocking the 'status' method to check if the correct status code is set\n  status: function (code) {\n    expect(code).to.equal(201);\n    return this;\n  },\n  // Mocking the 'json' method to check if the response message is as expected\n  json: function (data) {\n    expect(data.message).to.equal('Expense modified successfully!');\n  },\n};\n// Calling the 'editExpense' function with the mocked request and response objects\nawait editExpense(req, res);",
              "err": {},
              "uuid": "9f103e2e-3fd8-4498-a728-2508d396ebdd",
              "parentUUID": "88b85436-012b-4efe-a184-0cac3aa2c645",
              "isHook": false,
              "skipped": false
            },
            {
              "title": "Should not be able to edit an expense due to invalid ID",
              "fullTitle": "Testing expense related features Should not be able to edit an expense due to invalid ID",
              "timedOut": false,
              "duration": 0,
              "state": "passed",
              "speed": "fast",
              "pass": true,
              "fail": false,
              "pending": false,
              "context": null,
              "code": "const req = {\n  params: { id: 1000 },\n  body: {\n    name: \"Groceries\",\n    description: \"Weekly grocery shopping\",\n    amount: 40,\n    category: \"Food\",\n    username: \"john_doe\",\n    date: \"2023-10-30\"\n  }\n};\nconst res = {\n  // Mocking the 'status' method to check if the correct status code is set\n  status: function (code) {\n    expect(code).to.equal(500);\n    return this;\n  },\n  // Mocking the 'json' method to check if the response message is as expected\n  json: function (data) {\n    expect(data.message).to.equal('Error occurred, unable to modify!');\n  },\n};\n// Calling the 'editExpense' function with the mocked request and response objects\nawait editExpense(req, res);",
              "err": {},
              "uuid": "a5497801-20b6-4948-b1cc-ba0ab7919932",
              "parentUUID": "88b85436-012b-4efe-a184-0cac3aa2c645",
              "isHook": false,
              "skipped": false
            },
            {
              "title": "Should delete an expense successfully",
              "fullTitle": "Testing expense related features Should delete an expense successfully",
              "timedOut": false,
              "duration": 0,
              "state": "passed",
              "speed": "fast",
              "pass": true,
              "fail": false,
              "pending": false,
              "context": null,
              "code": "const req = {\n  params: { id: 1700994740174044 },\n};\nconst res = {\n  // Mocking the 'status' method to check if the correct status code is set\n  status: function (code) {\n    expect(code).to.equal(201);\n    return this;\n  },\n  // Mocking the 'json' method to check if the response message is as expected\n  json: function (data) {\n    expect(data.message).to.equal('Expense deleted successfully!');\n  },\n};\n// Calling the 'deleteExpense' function with the mocked request and response objects\nawait deleteExpense(req, res);",
              "err": {},
              "uuid": "a1b2e98a-819e-4a1a-a935-0d992b60d1f1",
              "parentUUID": "88b85436-012b-4efe-a184-0cac3aa2c645",
              "isHook": false,
              "skipped": false
            },
            {
              "title": "Should not be able to delete an expense due to invalid ID",
              "fullTitle": "Testing expense related features Should not be able to delete an expense due to invalid ID",
              "timedOut": false,
              "duration": 1,
              "state": "passed",
              "speed": "fast",
              "pass": true,
              "fail": false,
              "pending": false,
              "context": null,
              "code": "const req = {\n  params: { id: 1000 },\n};\nconst res = {\n  // Mocking the 'status' method to check if the correct status code is set\n  status: function (code) {\n    expect(code).to.equal(500);\n    return this;\n  },\n  // Mocking the 'json' method to check if the response message is as expected\n  json: function (data) {\n    expect(data.message).to.equal('Error occurred, unable to delete!');\n  },\n};\n// Calling the 'deleteExpense' function with the mocked request and response objects\nawait deleteExpense(req, res);",
              "err": {},
              "uuid": "142a7642-4411-445e-be9d-6c3fac7becd7",
              "parentUUID": "88b85436-012b-4efe-a184-0cac3aa2c645",
              "isHook": false,
              "skipped": false
            }
          ],
          "suites": [],
          "passes": [
            "8f47de4a-7dca-4caa-a5ec-e21c44dca07d",
            "94383948-60cf-46b8-95e0-5eb95bd52f39",
            "9f103e2e-3fd8-4498-a728-2508d396ebdd",
            "a5497801-20b6-4948-b1cc-ba0ab7919932",
            "a1b2e98a-819e-4a1a-a935-0d992b60d1f1",
            "142a7642-4411-445e-be9d-6c3fac7becd7"
          ],
          "failures": [],
          "pending": [],
          "skipped": [],
          "duration": 2,
          "root": false,
          "rootEmpty": false,
          "_timeout": 2000
        },
        {
          "uuid": "de6e880a-bf2d-4530-bf51-7044086df397",
          "title": "Testing Income related features",
          "fullFile": "/Users/swanhtetaung/Documents/DVOPS-Projects/DVOPS-Group-1/tests/incomeTests.test.js",
          "file": "/tests/incomeTests.test.js",
          "beforeHooks": [
            {
              "title": "\"before each\" hook in \"Testing Income related features\"",
              "fullTitle": "Testing Income related features \"before each\" hook in \"Testing Income related features\"",
              "timedOut": false,
              "duration": 0,
              "state": null,
              "speed": null,
              "pass": false,
              "fail": false,
              "pending": false,
              "context": null,
              "code": "orgContent = await fs.readFile(incomeFilePath, \"utf8\");\norgContent = JSON.parse(orgContent);",
              "err": {},
              "uuid": "b8f5039c-2cdd-4b2c-8be9-8363700d470a",
              "parentUUID": "de6e880a-bf2d-4530-bf51-7044086df397",
              "isHook": true,
              "skipped": false
            }
          ],
          "afterHooks": [
            {
              "title": "\"after each\" hook in \"Testing Income related features\"",
              "fullTitle": "Testing Income related features \"after each\" hook in \"Testing Income related features\"",
              "timedOut": false,
              "duration": 0,
              "state": null,
              "speed": null,
              "pass": false,
              "fail": false,
              "pending": false,
              "context": null,
              "code": "await fs.writeFile(incomeFilePath, JSON.stringify(orgContent), \"utf8\");",
              "err": {},
              "uuid": "519f6346-4ad4-47d6-a7fb-34aaf26a147d",
              "parentUUID": "de6e880a-bf2d-4530-bf51-7044086df397",
              "isHook": true,
              "skipped": false
            }
          ],
          "tests": [
            {
              "title": "Able to add a new income successfully",
              "fullTitle": "Testing Income related features Able to add a new income successfully",
              "timedOut": false,
              "duration": 0,
              "state": "passed",
              "speed": "fast",
              "pass": true,
              "fail": false,
              "pending": false,
              "context": null,
              "code": "const req = {\n    body: {\n        name: \"Test Income\",\n        description: \"Correct inputs for testing\",\n        amount: 6969,\n        source: \"testing\",\n        username: \"chunkang\",\n        date: \"26-11-2023\",\n    }\n};\nconst res = {\n    // Mocking the 'status' method to check if the correct status code is set\n    status: function (code) {\n        expect(code).to.equal(201);\n        return this;\n    },\n    // Mocking the 'json' method to check if the response data is as expected    \n    json: function (data) {\n        expect(data).to.have.lengthOf(orgContent.length + 1);\n        expect(data[orgContent.length].name).to.equal(req.body.name);\n    }\n};\n// Call the \"addIncome\" function with the mocked request and response objects to test\nawait addIncome(req, res);",
              "err": {},
              "uuid": "c7a753b1-267c-4911-b60e-5480b80e77ca",
              "parentUUID": "de6e880a-bf2d-4530-bf51-7044086df397",
              "isHook": false,
              "skipped": false
            },
            {
              "title": "Unable to add a new income due to incomplete input",
              "fullTitle": "Testing Income related features Unable to add a new income due to incomplete input",
              "timedOut": false,
              "duration": 0,
              "state": "passed",
              "speed": "fast",
              "pass": true,
              "fail": false,
              "pending": false,
              "context": null,
              "code": "const req = {\n    body: {\n        name: \"Test Income\",\n        description: \"Correct inputs for testing\",\n        source: \"testing\",\n        username: \"chunkang\",\n        date: \"26-11-2023\",\n    }\n};\nconst res = {\n    // Mocking the 'status' method to check if the correct status code is set\n    status: function (code) {\n        expect(code).to.equal(500);\n        return this;\n    },\n    // Mocking the 'json' method to check if the response data is as expected  \n    json: function (data) {\n        expect(data.message).to.not.equal(undefined);\n    },\n};\n// Call the \"addIncome\" function with the mocked request and response objects to test\nawait addIncome(req, res);",
              "err": {},
              "uuid": "495382da-13d3-40cb-901a-9fac59b89b83",
              "parentUUID": "de6e880a-bf2d-4530-bf51-7044086df397",
              "isHook": false,
              "skipped": false
            },
            {
              "title": "Able to edit an income successfully",
              "fullTitle": "Testing Income related features Able to edit an income successfully",
              "timedOut": false,
              "duration": 0,
              "state": "passed",
              "speed": "fast",
              "pass": true,
              "fail": false,
              "pending": false,
              "context": null,
              "code": "const req = {\n    params: { id: 1700988013726289 },\n    body: {\n        name: \"Test edits\",\n        description: \"Editted this through testing case\",\n        amount: 1,\n        source: \"Test Edits\",\n        username: \"chunkang\",\n        date: \"26-11-2023\",\n    }\n};\nconst res = {\n    // Mocking the 'status' method to check if the correct status code is set\n    status: function (code) {\n        expect(code).to.equal(201);\n        return this;\n    },\n    // Mocking the 'json' method to check if the response data is as expected    \n    json: function (data) {\n        expect(data.message).to.equal('Income modified successfully!');\n    },\n};\n// Call the \"editIncome\" function with the mocked request and response objects to test\nawait editIncome(req, res);",
              "err": {},
              "uuid": "4308b0e9-1c2b-48dc-8dab-0d7d273e4bf9",
              "parentUUID": "de6e880a-bf2d-4530-bf51-7044086df397",
              "isHook": false,
              "skipped": false
            },
            {
              "title": "Unable to edit an income due to an invalid ID",
              "fullTitle": "Testing Income related features Unable to edit an income due to an invalid ID",
              "timedOut": false,
              "duration": 1,
              "state": "passed",
              "speed": "fast",
              "pass": true,
              "fail": false,
              "pending": false,
              "context": null,
              "code": "const req = {\n    params: { id: 6969 },\n    body: {\n        name: \"Test edits\",\n        description: \"Editted this through testing case\",\n        amount: 1,\n        source: \"Test Edits\",\n        username: \"chunkang\",\n        date: \"26-11-2023\",\n    }\n};\nconst res = {\n    // Mocking the 'status' method to check if the correct status code is set\n    status: function (code) {\n        expect(code).to.equal(500);\n        return this;\n    },\n    // Mocking the 'json' method to check if the response data is as expected    \n    json: function (data) {\n        expect(data.message).to.equal('Error occurred, unable to modify!');\n    },\n};\n// Call the \"editIncome\" function with the mocked request and response objects to test\nawait editIncome(req, res);",
              "err": {},
              "uuid": "35f5bb36-d2c0-46b4-9149-aa809f343d06",
              "parentUUID": "de6e880a-bf2d-4530-bf51-7044086df397",
              "isHook": false,
              "skipped": false
            },
            {
              "title": "Able to delete an income successfully",
              "fullTitle": "Testing Income related features Able to delete an income successfully",
              "timedOut": false,
              "duration": 0,
              "state": "passed",
              "speed": "fast",
              "pass": true,
              "fail": false,
              "pending": false,
              "context": null,
              "code": "const req = {\n    params: { id: 1700988013726289 }\n};\nconst res = {\n    // Mocking the 'status' method to check if the correct status code is set\n    status: function (code) {\n        expect(code).to.equal(201);\n        return this;\n    },\n    // Mocking the 'json' method to check if the response data is as expected    \n    json: function (data) {\n        expect(data.message).to.equal('Income deleted successfully!');\n    },\n};\n// Call the \"deleteIncome\" function with the mocked request and response objects to test\nawait deleteIncome(req, res);",
              "err": {},
              "uuid": "57d80829-e590-4a97-935c-6325d404bf76",
              "parentUUID": "de6e880a-bf2d-4530-bf51-7044086df397",
              "isHook": false,
              "skipped": false
            },
            {
              "title": "Unable to delete an income due to an invalid ID",
              "fullTitle": "Testing Income related features Unable to delete an income due to an invalid ID",
              "timedOut": false,
              "duration": 1,
              "state": "passed",
              "speed": "fast",
              "pass": true,
              "fail": false,
              "pending": false,
              "context": null,
              "code": "const req = {\n    params: { id: 690696 }\n};\nconst res = {\n    // Mocking the 'status' method to check if the correct status code is set\n    status: function (code) {\n        expect(code).to.equal(500);\n        return this;\n    },\n    // Mocking the 'json' method to check if the response data is as expected    \n    json: function (data) {\n        expect(data.message).to.equal('Error occurred, unable to delete!');\n    },\n};\n// Call the \"deleteIncome\" function with the mocked request and response objects to test\nawait deleteIncome(req, res);",
              "err": {},
              "uuid": "87651134-6b25-4ea1-97a0-cc3b03cd75c8",
              "parentUUID": "de6e880a-bf2d-4530-bf51-7044086df397",
              "isHook": false,
              "skipped": false
            },
            {
              "title": "Able to view all transactions successfully",
              "fullTitle": "Testing Income related features Able to view all transactions successfully",
              "timedOut": false,
              "duration": 0,
              "state": "passed",
              "speed": "fast",
              "pass": true,
              "fail": false,
              "pending": false,
              "context": null,
              "code": "const req = {};\nconst res = {\n    // Mocking the 'status' method to check if the correct status code is set\n    status: function (code) {\n        expect(code).to.equal(200);\n        return this;\n    },\n    // Mocking the 'json' method to check if the response data is as expected    \n    json: function (data) {\n        expect(data).to.be.an('array');\n    }\n};\n// Call the \"viewTransactions\" function with the mocked request and response objects to test\nawait viewTransactions(req, res);",
              "err": {},
              "uuid": "25cbd897-ed80-4035-b027-1deedb68a4ee",
              "parentUUID": "de6e880a-bf2d-4530-bf51-7044086df397",
              "isHook": false,
              "skipped": false
            }
          ],
          "suites": [],
          "passes": [
            "c7a753b1-267c-4911-b60e-5480b80e77ca",
            "495382da-13d3-40cb-901a-9fac59b89b83",
            "4308b0e9-1c2b-48dc-8dab-0d7d273e4bf9",
            "35f5bb36-d2c0-46b4-9149-aa809f343d06",
            "57d80829-e590-4a97-935c-6325d404bf76",
            "87651134-6b25-4ea1-97a0-cc3b03cd75c8",
            "25cbd897-ed80-4035-b027-1deedb68a4ee"
          ],
          "failures": [],
          "pending": [],
          "skipped": [],
          "duration": 2,
          "root": false,
          "rootEmpty": false,
          "_timeout": 2000
        },
        {
          "uuid": "9b4a7871-e883-4dad-90b1-4ff3de268083",
          "title": "Testing Register Function",
          "fullFile": "/Users/swanhtetaung/Documents/DVOPS-Projects/DVOPS-Group-1/tests/userTests.test.js",
          "file": "/tests/userTests.test.js",
          "beforeHooks": [
            {
              "title": "\"before each\" hook in \"Testing Register Function\"",
              "fullTitle": "Testing Register Function \"before each\" hook in \"Testing Register Function\"",
              "timedOut": false,
              "duration": 0,
              "state": null,
              "speed": null,
              "pass": false,
              "fail": false,
              "pending": false,
              "context": null,
              "code": "orgContent = await fs.readFile(usersFilePath, \"utf8\");\norgContent = JSON.parse(orgContent);",
              "err": {},
              "uuid": "3b5eec62-7512-4b33-8985-eb51c21873fd",
              "parentUUID": "9b4a7871-e883-4dad-90b1-4ff3de268083",
              "isHook": true,
              "skipped": false
            }
          ],
          "afterHooks": [
            {
              "title": "\"after each\" hook in \"Testing Register Function\"",
              "fullTitle": "Testing Register Function \"after each\" hook in \"Testing Register Function\"",
              "timedOut": false,
              "duration": 0,
              "state": null,
              "speed": null,
              "pass": false,
              "fail": false,
              "pending": false,
              "context": null,
              "code": "await fs.writeFile(usersFilePath, JSON.stringify(orgContent), \"utf8\");",
              "err": {},
              "uuid": "25ed979e-b765-4775-82b0-9c59441a114b",
              "parentUUID": "9b4a7871-e883-4dad-90b1-4ff3de268083",
              "isHook": true,
              "skipped": false
            }
          ],
          "tests": [
            {
              "title": "Should register a new user successfully",
              "fullTitle": "Testing Register Function Should register a new user successfully",
              "timedOut": false,
              "duration": 0,
              "state": "passed",
              "speed": "fast",
              "pass": true,
              "fail": false,
              "pending": false,
              "context": null,
              "code": "// Mock request object with user registration data\nconst req = {\n    body: {\n        email: \"mary@gmail.com\",\n        password: \"123456\",\n    },\n};\n// Mock response object with assertions for successful registration\nconst res = {\n    status: function (code) {\n        expect(code).to.equal(201);\n        return this;\n    },\n    json: function (data) {\n        expect(data).to.have.lengthOf(orgContent.length + 1);\n        expect(data[orgContent.length].email).to.equal(req.body.email);\n        expect(data[orgContent.length].password).to.equal(req.body.password);\n    },\n};\n// Call the register function with the mock request and response\nawait register(req, res);",
              "err": {},
              "uuid": "036f45dc-dfdf-4508-911c-9c4afe2a17de",
              "parentUUID": "9b4a7871-e883-4dad-90b1-4ff3de268083",
              "isHook": false,
              "skipped": false
            },
            {
              "title": "Should show validation error due to email",
              "fullTitle": "Testing Register Function Should show validation error due to email",
              "timedOut": false,
              "duration": 0,
              "state": "passed",
              "speed": "fast",
              "pass": true,
              "fail": false,
              "pending": false,
              "context": null,
              "code": "// Mock request object with invalid email format\nconst req = {\n    body: {\n        email: \"simon#gmail.com\",\n        password: \"123\",\n    },\n};\n// Mock response object with assertions for validation error\nconst res = {\n    status: function (code) {\n        expect(code).to.equal(500);\n        return this;\n    },\n    json: function (data) {\n        expect(data.message).to.equal(\"Validation error\");\n    },\n};\n// Call the register function with the mock request and response\nawait register(req, res);",
              "err": {},
              "uuid": "436c9ab9-7d5f-46be-8582-9c67df6479cd",
              "parentUUID": "9b4a7871-e883-4dad-90b1-4ff3de268083",
              "isHook": false,
              "skipped": false
            },
            {
              "title": "Should show validation error due to password length",
              "fullTitle": "Testing Register Function Should show validation error due to password length",
              "timedOut": false,
              "duration": 0,
              "state": "passed",
              "speed": "fast",
              "pass": true,
              "fail": false,
              "pending": false,
              "context": null,
              "code": "// Mock request object with a short password\nconst req = {\n    body: {\n        email: \"simon@gmail.com\",\n        password: \"123\",\n    },\n};\n// Mock response object with assertions for validation error\nconst res = {\n    status: function (code) {\n        expect(code).to.equal(500);\n        return this;\n    },\n    json: function (data) {\n        expect(data.message).to.equal(\"Validation error\");\n    },\n};\n// Call the register function with the mock request and response\nawait register(req, res);",
              "err": {},
              "uuid": "cc492e80-c81b-4c9d-91f1-0f8854d05a18",
              "parentUUID": "9b4a7871-e883-4dad-90b1-4ff3de268083",
              "isHook": false,
              "skipped": false
            }
          ],
          "suites": [],
          "passes": [
            "036f45dc-dfdf-4508-911c-9c4afe2a17de",
            "436c9ab9-7d5f-46be-8582-9c67df6479cd",
            "cc492e80-c81b-4c9d-91f1-0f8854d05a18"
          ],
          "failures": [],
          "pending": [],
          "skipped": [],
          "duration": 0,
          "root": false,
          "rootEmpty": false,
          "_timeout": 2000
        },
        {
          "uuid": "ee9c6f73-8085-4462-a1ff-8c45b23857c3",
          "title": "Testing Login Function",
          "fullFile": "/Users/swanhtetaung/Documents/DVOPS-Projects/DVOPS-Group-1/tests/userTests.test.js",
          "file": "/tests/userTests.test.js",
          "beforeHooks": [
            {
              "title": "\"before each\" hook in \"Testing Login Function\"",
              "fullTitle": "Testing Login Function \"before each\" hook in \"Testing Login Function\"",
              "timedOut": false,
              "duration": 0,
              "state": null,
              "speed": null,
              "pass": false,
              "fail": false,
              "pending": false,
              "context": null,
              "code": "orgContent = await fs.readFile(usersFilePath, \"utf8\");\norgContent = JSON.parse(orgContent);",
              "err": {},
              "uuid": "abb3543c-577e-4c9e-ae66-8514af14859e",
              "parentUUID": "ee9c6f73-8085-4462-a1ff-8c45b23857c3",
              "isHook": true,
              "skipped": false
            }
          ],
          "afterHooks": [],
          "tests": [
            {
              "title": "Should login successfully",
              "fullTitle": "Testing Login Function Should login successfully",
              "timedOut": false,
              "duration": 0,
              "state": "passed",
              "speed": "fast",
              "pass": true,
              "fail": false,
              "pending": false,
              "context": null,
              "code": "// Mock request object with valid login credentials\nconst req = {\n    body: {\n        email: orgContent[0].email,\n        password: orgContent[0].password,\n    },\n};\n// Mock response object with assertions for successful login\nconst res = {\n    status: function (code) {\n        expect(code).to.equal(201);\n        return this;\n    },\n    json: function (data) {\n        expect(data.message).to.equal(\"Login successful!\");\n    },\n};\n// Call the login function with the mock request and response\nawait login(req, res);",
              "err": {},
              "uuid": "9430a50c-ab63-4751-a673-4277e328e7ed",
              "parentUUID": "ee9c6f73-8085-4462-a1ff-8c45b23857c3",
              "isHook": false,
              "skipped": false
            },
            {
              "title": "Should show invalid credentials",
              "fullTitle": "Testing Login Function Should show invalid credentials",
              "timedOut": false,
              "duration": 0,
              "state": "passed",
              "speed": "fast",
              "pass": true,
              "fail": false,
              "pending": false,
              "context": null,
              "code": "// Mock request object with invalid password\nconst req = {\n    body: {\n        email: orgContent[0].email,\n        password: \"abcdefg\",\n    },\n};\n// Mock response object with assertions for invalid credentials\nconst res = {\n    status: function (code) {\n        expect(code).to.equal(500);\n        return this;\n    },\n    json: function (data) {\n        expect(data.message).to.equal(\"Invalid credentials!\");\n    },\n};\n// Call the login function with the mock request and response\nawait login(req, res);",
              "err": {},
              "uuid": "76e9bdac-a1e8-41c4-9dd6-89433b297b99",
              "parentUUID": "ee9c6f73-8085-4462-a1ff-8c45b23857c3",
              "isHook": false,
              "skipped": false
            }
          ],
          "suites": [],
          "passes": [
            "9430a50c-ab63-4751-a673-4277e328e7ed",
            "76e9bdac-a1e8-41c4-9dd6-89433b297b99"
          ],
          "failures": [],
          "pending": [],
          "skipped": [],
          "duration": 0,
          "root": false,
          "rootEmpty": false,
          "_timeout": 2000
        }
      ],
      "passes": [],
      "failures": [],
      "pending": [],
      "skipped": [],
      "duration": 0,
      "root": true,
      "rootEmpty": true,
      "_timeout": 2000
    }
  ],
  "meta": {
    "mocha": {
      "version": "10.2.0"
    },
    "mochawesome": {
      "options": {
        "quiet": false,
        "reportFilename": "mochawesome",
        "saveHtml": true,
        "saveJson": true,
        "consoleReporter": "spec",
        "useInlineDiffs": false,
        "code": true
      },
      "version": "7.1.3"
    },
    "marge": {
      "options": null,
      "version": "6.2.0"
    }
  }
}