{
  "stats": {
    "suites": 5,
    "tests": 20,
    "passes": 20,
    "pending": 0,
    "failures": 0,
    "start": "2024-01-31T14:20:52.510Z",
    "end": "2024-01-31T14:20:52.668Z",
    "duration": 158,
    "testsRegistered": 20,
    "passPercent": 100,
    "pendingPercent": 0,
    "other": 0,
    "hasOther": false,
    "skipped": 0,
    "hasSkipped": false
  },
  "results": [
    {
      "uuid": "03e5a4fd-2a86-4303-aaef-eaf94b487099",
      "title": "",
      "fullFile": "",
      "file": "",
      "beforeHooks": [],
      "afterHooks": [],
      "tests": [],
      "suites": [
        {
          "uuid": "0ac275b7-090c-4df7-ae23-9f2ad692e2a4",
          "title": "Testing expense related features",
          "fullFile": "C:\\Users\\Chun Kang\\Desktop\\DVOPS_Project\\tests\\expenseTests.test.js",
          "file": "\\tests\\expenseTests.test.js",
          "beforeHooks": [
            {
              "title": "\"before each\" hook in \"Testing expense related features\"",
              "fullTitle": "Testing expense related features \"before each\" hook in \"Testing expense related features\"",
              "timedOut": false,
              "duration": 0,
              "state": null,
              "speed": null,
              "pass": false,
              "fail": false,
              "pending": false,
              "context": null,
              "code": "orgContent = await fs.readFile(expensesFilePath, \"utf8\");\norgContent = JSON.parse(orgContent);",
              "err": {},
              "uuid": "0ea7f56f-0382-4ba0-854f-b00a79cd9c68",
              "parentUUID": "0ac275b7-090c-4df7-ae23-9f2ad692e2a4",
              "isHook": true,
              "skipped": false
            }
          ],
          "afterHooks": [
            {
              "title": "\"after each\" hook in \"Testing expense related features\"",
              "fullTitle": "Testing expense related features \"after each\" hook in \"Testing expense related features\"",
              "timedOut": false,
              "duration": 2,
              "state": null,
              "speed": null,
              "pass": false,
              "fail": false,
              "pending": false,
              "context": null,
              "code": "await fs.writeFile(expensesFilePath, JSON.stringify(orgContent), \"utf8\");",
              "err": {},
              "uuid": "bf0b97d5-e00b-453e-a074-23ef36fc7d4a",
              "parentUUID": "0ac275b7-090c-4df7-ae23-9f2ad692e2a4",
              "isHook": true,
              "skipped": false
            }
          ],
          "tests": [
            {
              "title": "Should add a new expense successfully",
              "fullTitle": "Testing expense related features Should add a new expense successfully",
              "timedOut": false,
              "duration": 4,
              "state": "passed",
              "speed": "fast",
              "pass": true,
              "fail": false,
              "pending": false,
              "context": null,
              "code": "const req = {\n  body: {\n    name: \"Groceries\",\n    description: \"Weekly grocery shopping\",\n    amount: 40,\n    category: \"Food\",\n    username: \"john_doe\",\n    date: \"2023-10-30\"\n  }\n};\nconst res = {\n  // Mocking the 'status' method to check if the correct status code is set\n  status: function (code) {\n    expect(code).to.equal(201);\n    return this;\n  },\n  // Mocking the 'json' method to check if the response data is as expected\n  json: function (data) {\n    expect(data).to.have.lengthOf(orgContent.length + 1);\n    expect(data[orgContent.length].name).to.equal(req.body.name);\n  },\n};\n// Calling the 'addExpense' function with the mocked request and response objects\nawait addExpense(req, res);",
              "err": {},
              "uuid": "2ed751a8-8e7f-49ba-98c9-260ac5eb7dfc",
              "parentUUID": "0ac275b7-090c-4df7-ae23-9f2ad692e2a4",
              "isHook": false,
              "skipped": false
            },
            {
              "title": "Should not be able to add an expense due to incomplete input",
              "fullTitle": "Testing expense related features Should not be able to add an expense due to incomplete input",
              "timedOut": false,
              "duration": 3,
              "state": "passed",
              "speed": "fast",
              "pass": true,
              "fail": false,
              "pending": false,
              "context": null,
              "code": "const req = {\n  body: {\n    name: \"Groceries\",\n    description: \"Weekly grocery shopping\",\n    amount: 40,\n    category: \"Food\",\n    date: \"2023-10-30\"\n  },\n};\nconst res = {\n  // Mocking the 'status' method to check if the correct status code is set\n  status: function (code) {\n    expect(code).to.equal(500);\n    return this;\n  },\n  // Mocking the 'json' method to check if the response message is present\n  json: function (data) {\n    expect(data.message).to.not.equal(undefined);\n  },\n};\n// Calling the 'addExpense' function with the mocked request and response objects\nawait addExpense(req, res);",
              "err": {},
              "uuid": "9da1ae2d-f0e3-4176-ae42-bdcdd8e89160",
              "parentUUID": "0ac275b7-090c-4df7-ae23-9f2ad692e2a4",
              "isHook": false,
              "skipped": false
            },
            {
              "title": "Should edit an expense successfully",
              "fullTitle": "Testing expense related features Should edit an expense successfully",
              "timedOut": false,
              "duration": 2,
              "state": "passed",
              "speed": "fast",
              "pass": true,
              "fail": false,
              "pending": false,
              "context": null,
              "code": "const req = {\n  params: { id: 1700994740174044 },\n  body: {\n    name: \"Groceries\",\n    description: \"Weekly grocery shopping\",\n    amount: 40,\n    category: \"Food\",\n    username: \"john_doe\",\n    date: \"2023-10-30\"\n  }\n};\nconst res = {\n  // Mocking the 'status' method to check if the correct status code is set\n  status: function (code) {\n    expect(code).to.equal(201);\n    return this;\n  },\n  // Mocking the 'json' method to check if the response message is as expected\n  json: function (data) {\n    expect(data.message).to.equal('Expense modified successfully!');\n  },\n};\n// Calling the 'editExpense' function with the mocked request and response objects\nawait editExpense(req, res);",
              "err": {},
              "uuid": "9dcaccbc-986e-4277-86c1-619d1f870cc2",
              "parentUUID": "0ac275b7-090c-4df7-ae23-9f2ad692e2a4",
              "isHook": false,
              "skipped": false
            },
            {
              "title": "Should not be able to edit an expense due to invalid ID",
              "fullTitle": "Testing expense related features Should not be able to edit an expense due to invalid ID",
              "timedOut": false,
              "duration": 0,
              "state": "passed",
              "speed": "fast",
              "pass": true,
              "fail": false,
              "pending": false,
              "context": null,
              "code": "const req = {\n  params: { id: 1000 },\n  body: {\n    name: \"Groceries\",\n    description: \"Weekly grocery shopping\",\n    amount: 40,\n    category: \"Food\",\n    username: \"john_doe\",\n    date: \"2023-10-30\"\n  }\n};\nconst res = {\n  // Mocking the 'status' method to check if the correct status code is set\n  status: function (code) {\n    expect(code).to.equal(500);\n    return this;\n  },\n  // Mocking the 'json' method to check if the response message is as expected\n  json: function (data) {\n    expect(data.message).to.equal('Error occurred, unable to modify!');\n  },\n};\n// Calling the 'editExpense' function with the mocked request and response objects\nawait editExpense(req, res);",
              "err": {},
              "uuid": "8f56fdf5-d7b3-4f8f-a586-7fe1bab75d6f",
              "parentUUID": "0ac275b7-090c-4df7-ae23-9f2ad692e2a4",
              "isHook": false,
              "skipped": false
            },
            {
              "title": "Should delete an expense successfully",
              "fullTitle": "Testing expense related features Should delete an expense successfully",
              "timedOut": false,
              "duration": 4,
              "state": "passed",
              "speed": "fast",
              "pass": true,
              "fail": false,
              "pending": false,
              "context": null,
              "code": "const req = {\n  params: { id: 1700994740174044 },\n};\nconst res = {\n  // Mocking the 'status' method to check if the correct status code is set\n  status: function (code) {\n    expect(code).to.equal(201);\n    return this;\n  },\n  // Mocking the 'json' method to check if the response message is as expected\n  json: function (data) {\n    expect(data.message).to.equal('Expense deleted successfully!');\n  },\n};\n// Calling the 'deleteExpense' function with the mocked request and response objects\nawait deleteExpense(req, res);",
              "err": {},
              "uuid": "3af994fd-6006-402a-9561-2eaa71a14080",
              "parentUUID": "0ac275b7-090c-4df7-ae23-9f2ad692e2a4",
              "isHook": false,
              "skipped": false
            },
            {
              "title": "Should not be able to delete an expense due to invalid ID",
              "fullTitle": "Testing expense related features Should not be able to delete an expense due to invalid ID",
              "timedOut": false,
              "duration": 0,
              "state": "passed",
              "speed": "fast",
              "pass": true,
              "fail": false,
              "pending": false,
              "context": null,
              "code": "const req = {\n  params: { id: 1000 },\n};\nconst res = {\n  // Mocking the 'status' method to check if the correct status code is set\n  status: function (code) {\n    expect(code).to.equal(500);\n    return this;\n  },\n  // Mocking the 'json' method to check if the response message is as expected\n  json: function (data) {\n    expect(data.message).to.equal('Error occurred, unable to delete!');\n  },\n};\n// Calling the 'deleteExpense' function with the mocked request and response objects\nawait deleteExpense(req, res);",
              "err": {},
              "uuid": "4e600923-825f-45cf-8e9c-50f085163d9e",
              "parentUUID": "0ac275b7-090c-4df7-ae23-9f2ad692e2a4",
              "isHook": false,
              "skipped": false
            }
          ],
          "suites": [],
          "passes": [
            "2ed751a8-8e7f-49ba-98c9-260ac5eb7dfc",
            "9da1ae2d-f0e3-4176-ae42-bdcdd8e89160",
            "9dcaccbc-986e-4277-86c1-619d1f870cc2",
            "8f56fdf5-d7b3-4f8f-a586-7fe1bab75d6f",
            "3af994fd-6006-402a-9561-2eaa71a14080",
            "4e600923-825f-45cf-8e9c-50f085163d9e"
          ],
          "failures": [],
          "pending": [],
          "skipped": [],
          "duration": 13,
          "root": false,
          "rootEmpty": false,
          "_timeout": 2000
        },
        {
          "uuid": "6eba89b5-4ed3-4746-b6e0-ebb066ab5d6d",
          "title": "Testing Income related features",
          "fullFile": "C:\\Users\\Chun Kang\\Desktop\\DVOPS_Project\\tests\\incomeTests.test.js",
          "file": "\\tests\\incomeTests.test.js",
          "beforeHooks": [
            {
              "title": "\"before each\" hook in \"Testing Income related features\"",
              "fullTitle": "Testing Income related features \"before each\" hook in \"Testing Income related features\"",
              "timedOut": false,
              "duration": 0,
              "state": null,
              "speed": null,
              "pass": false,
              "fail": false,
              "pending": false,
              "context": null,
              "code": "orgContent = await fs.readFile(incomeFilePath, \"utf8\");\norgContent = JSON.parse(orgContent);",
              "err": {},
              "uuid": "50b4e3be-5ec5-4970-922d-2bd8840688e9",
              "parentUUID": "6eba89b5-4ed3-4746-b6e0-ebb066ab5d6d",
              "isHook": true,
              "skipped": false
            }
          ],
          "afterHooks": [
            {
              "title": "\"after each\" hook in \"Testing Income related features\"",
              "fullTitle": "Testing Income related features \"after each\" hook in \"Testing Income related features\"",
              "timedOut": false,
              "duration": 2,
              "state": null,
              "speed": null,
              "pass": false,
              "fail": false,
              "pending": false,
              "context": null,
              "code": "await fs.writeFile(incomeFilePath, JSON.stringify(orgContent), \"utf8\");",
              "err": {},
              "uuid": "1d62aab5-13f6-41e8-bfbf-8eaa8bb089a6",
              "parentUUID": "6eba89b5-4ed3-4746-b6e0-ebb066ab5d6d",
              "isHook": true,
              "skipped": false
            }
          ],
          "tests": [
            {
              "title": "Able to add a new income successfully",
              "fullTitle": "Testing Income related features Able to add a new income successfully",
              "timedOut": false,
              "duration": 3,
              "state": "passed",
              "speed": "fast",
              "pass": true,
              "fail": false,
              "pending": false,
              "context": null,
              "code": "const req = {\n    body: {\n        name: \"Test Income\",\n        description: \"Correct inputs for testing\",\n        amount: 6969,\n        source: \"testing\",\n        username: \"chunkang\",\n        date: \"26-11-2023\",\n    }\n};\nconst res = {\n    // Mocking the 'status' method to check if the correct status code is set\n    status: function (code) {\n        expect(code).to.equal(201);\n        return this;\n    },\n    // Mocking the 'json' method to check if the response data is as expected    \n    json: function (data) {\n        expect(data).to.have.lengthOf(orgContent.length + 1);\n        expect(data[orgContent.length].name).to.equal(req.body.name);\n    }\n};\n// Call the \"addIncome\" function with the mocked request and response objects to test\nawait addIncome(req, res);",
              "err": {},
              "uuid": "773879f9-0751-426f-8b0d-c0bd12e8d069",
              "parentUUID": "6eba89b5-4ed3-4746-b6e0-ebb066ab5d6d",
              "isHook": false,
              "skipped": false
            },
            {
              "title": "Unable to add a new income due to incomplete input",
              "fullTitle": "Testing Income related features Unable to add a new income due to incomplete input",
              "timedOut": false,
              "duration": 4,
              "state": "passed",
              "speed": "fast",
              "pass": true,
              "fail": false,
              "pending": false,
              "context": null,
              "code": "const req = {\n    body: {\n        name: \"Test Income\",\n        description: \"Correct inputs for testing\",\n        source: \"testing\",\n        username: \"chunkang\",\n        date: \"26-11-2023\",\n    }\n};\nconst res = {\n    // Mocking the 'status' method to check if the correct status code is set\n    status: function (code) {\n        expect(code).to.equal(500);\n        return this;\n    },\n    // Mocking the 'json' method to check if the response data is as expected  \n    json: function (data) {\n        expect(data.message).to.not.equal(undefined);\n    },\n};\n// Call the \"addIncome\" function with the mocked request and response objects to test\nawait addIncome(req, res);",
              "err": {},
              "uuid": "d72fa045-8fee-48af-842a-5738025dbfee",
              "parentUUID": "6eba89b5-4ed3-4746-b6e0-ebb066ab5d6d",
              "isHook": false,
              "skipped": false
            },
            {
              "title": "Able to edit an income successfully",
              "fullTitle": "Testing Income related features Able to edit an income successfully",
              "timedOut": false,
              "duration": 2,
              "state": "passed",
              "speed": "fast",
              "pass": true,
              "fail": false,
              "pending": false,
              "context": null,
              "code": "const req = {\n    params: { id: 1700988013726289 },\n    body: {\n        name: \"Test edits\",\n        description: \"Editted this through testing case\",\n        amount: 1,\n        source: \"Test Edits\",\n        username: \"chunkang\",\n        date: \"26-11-2023\",\n    }\n};\nconst res = {\n    // Mocking the 'status' method to check if the correct status code is set\n    status: function (code) {\n        expect(code).to.equal(201);\n        return this;\n    },\n    // Mocking the 'json' method to check if the response data is as expected    \n    json: function (data) {\n        expect(data.message).to.equal('Income modified successfully!');\n    },\n};\n// Call the \"editIncome\" function with the mocked request and response objects to test\nawait editIncome(req, res);",
              "err": {},
              "uuid": "44f19021-2fd7-4ef2-a955-4bd8c6dc89a9",
              "parentUUID": "6eba89b5-4ed3-4746-b6e0-ebb066ab5d6d",
              "isHook": false,
              "skipped": false
            },
            {
              "title": "Unable to edit an income due to an invalid ID",
              "fullTitle": "Testing Income related features Unable to edit an income due to an invalid ID",
              "timedOut": false,
              "duration": 0,
              "state": "passed",
              "speed": "fast",
              "pass": true,
              "fail": false,
              "pending": false,
              "context": null,
              "code": "const req = {\n    params: { id: 6969 },\n    body: {\n        name: \"Test edits\",\n        description: \"Editted this through testing case\",\n        amount: 1,\n        source: \"Test Edits\",\n        username: \"chunkang\",\n        date: \"26-11-2023\",\n    }\n};\nconst res = {\n    // Mocking the 'status' method to check if the correct status code is set\n    status: function (code) {\n        expect(code).to.equal(500);\n        return this;\n    },\n    // Mocking the 'json' method to check if the response data is as expected    \n    json: function (data) {\n        expect(data.message).to.equal('Error occurred, unable to modify!');\n    },\n};\n// Call the \"editIncome\" function with the mocked request and response objects to test\nawait editIncome(req, res);",
              "err": {},
              "uuid": "250ca88b-3b4f-4ee4-a4e3-1b1cd47e77a6",
              "parentUUID": "6eba89b5-4ed3-4746-b6e0-ebb066ab5d6d",
              "isHook": false,
              "skipped": false
            },
            {
              "title": "Able to delete an income successfully",
              "fullTitle": "Testing Income related features Able to delete an income successfully",
              "timedOut": false,
              "duration": 2,
              "state": "passed",
              "speed": "fast",
              "pass": true,
              "fail": false,
              "pending": false,
              "context": null,
              "code": "const req = {\n    params: { id: 1700988013726289 }\n};\nconst res = {\n    // Mocking the 'status' method to check if the correct status code is set\n    status: function (code) {\n        expect(code).to.equal(201);\n        return this;\n    },\n    // Mocking the 'json' method to check if the response data is as expected    \n    json: function (data) {\n        expect(data.message).to.equal('Income deleted successfully!');\n    },\n};\n// Call the \"deleteIncome\" function with the mocked request and response objects to test\nawait deleteIncome(req, res);",
              "err": {},
              "uuid": "78fa6b8d-c02d-423e-aec0-343e0edd0089",
              "parentUUID": "6eba89b5-4ed3-4746-b6e0-ebb066ab5d6d",
              "isHook": false,
              "skipped": false
            },
            {
              "title": "Unable to delete an income due to an invalid ID",
              "fullTitle": "Testing Income related features Unable to delete an income due to an invalid ID",
              "timedOut": false,
              "duration": 1,
              "state": "passed",
              "speed": "fast",
              "pass": true,
              "fail": false,
              "pending": false,
              "context": null,
              "code": "const req = {\n    params: { id: 690696 }\n};\nconst res = {\n    // Mocking the 'status' method to check if the correct status code is set\n    status: function (code) {\n        expect(code).to.equal(500);\n        return this;\n    },\n    // Mocking the 'json' method to check if the response data is as expected    \n    json: function (data) {\n        expect(data.message).to.equal('Error occurred, unable to delete!');\n    },\n};\n// Call the \"deleteIncome\" function with the mocked request and response objects to test\nawait deleteIncome(req, res);",
              "err": {},
              "uuid": "e823cda4-f200-4373-8dc2-b4a470356bdf",
              "parentUUID": "6eba89b5-4ed3-4746-b6e0-ebb066ab5d6d",
              "isHook": false,
              "skipped": false
            },
            {
              "title": "Able to view all transactions successfully",
              "fullTitle": "Testing Income related features Able to view all transactions successfully",
              "timedOut": false,
              "duration": 1,
              "state": "passed",
              "speed": "fast",
              "pass": true,
              "fail": false,
              "pending": false,
              "context": null,
              "code": "const req = {};\nconst res = {\n    // Mocking the 'status' method to check if the correct status code is set\n    status: function (code) {\n        expect(code).to.equal(200);\n        return this;\n    },\n    // Mocking the 'json' method to check if the response data is as expected    \n    json: function (data) {\n        expect(data).to.be.an('array');\n    }\n};\n// Call the \"viewTransactions\" function with the mocked request and response objects to test\nawait viewTransactions(req, res);",
              "err": {},
              "uuid": "0d62c396-2783-45a5-841e-2d782356fb1b",
              "parentUUID": "6eba89b5-4ed3-4746-b6e0-ebb066ab5d6d",
              "isHook": false,
              "skipped": false
            }
          ],
          "suites": [],
          "passes": [
            "773879f9-0751-426f-8b0d-c0bd12e8d069",
            "d72fa045-8fee-48af-842a-5738025dbfee",
            "44f19021-2fd7-4ef2-a955-4bd8c6dc89a9",
            "250ca88b-3b4f-4ee4-a4e3-1b1cd47e77a6",
            "78fa6b8d-c02d-423e-aec0-343e0edd0089",
            "e823cda4-f200-4373-8dc2-b4a470356bdf",
            "0d62c396-2783-45a5-841e-2d782356fb1b"
          ],
          "failures": [],
          "pending": [],
          "skipped": [],
          "duration": 13,
          "root": false,
          "rootEmpty": false,
          "_timeout": 2000
        },
        {
          "uuid": "d647b340-e317-4a2f-a83a-b7ac3fe70367",
          "title": "Testing API Routes",
          "fullFile": "C:\\Users\\Chun Kang\\Desktop\\DVOPS_Project\\tests\\routesTests.test.js",
          "file": "\\tests\\routesTests.test.js",
          "beforeHooks": [
            {
              "title": "\"before each\" hook in \"Testing API Routes\"",
              "fullTitle": "Testing API Routes \"before each\" hook in \"Testing API Routes\"",
              "timedOut": false,
              "duration": 1,
              "state": null,
              "speed": null,
              "pass": false,
              "fail": false,
              "pending": false,
              "context": null,
              "code": "orgContent = await fs.readFile(usersFilePath, \"utf8\");\norgContent = JSON.parse(orgContent);",
              "err": {},
              "uuid": "400221c1-cae1-4a46-90a7-efa00eecc1f8",
              "parentUUID": "d647b340-e317-4a2f-a83a-b7ac3fe70367",
              "isHook": true,
              "skipped": false
            }
          ],
          "afterHooks": [
            {
              "title": "\"after each\" hook in \"Testing API Routes\"",
              "fullTitle": "Testing API Routes \"after each\" hook in \"Testing API Routes\"",
              "timedOut": false,
              "duration": 3,
              "state": null,
              "speed": null,
              "pass": false,
              "fail": false,
              "pending": false,
              "context": null,
              "code": "await fs.writeFile(usersFilePath, JSON.stringify(orgContent), \"utf8\");",
              "err": {},
              "uuid": "190edc8e-0933-4aa5-83a2-e6a90d5d6b69",
              "parentUUID": "d647b340-e317-4a2f-a83a-b7ac3fe70367",
              "isHook": true,
              "skipped": false
            }
          ],
          "tests": [
            {
              "title": "Should register a new user successfully",
              "fullTitle": "Testing API Routes Should register a new user successfully",
              "timedOut": false,
              "duration": 10,
              "state": "passed",
              "speed": "fast",
              "pass": true,
              "fail": false,
              "pending": false,
              "context": null,
              "code": "chai\n  .request(app)\n  .post(\"/register\")\n  .send({ email: \"james@gmail.com\", password: \"testpassword\" })\n  .end((err, res) => {\n    // Assertions for the test case\n    expect(err).to.be.null;\n    expect(res).to.have.status(201);\n    // Callback to indicate the end of the test\n    done();\n    // Close the server after the test\n    server.close();\n  });",
              "err": {},
              "uuid": "4cf274a0-6aef-4739-b613-7bb846e15d09",
              "parentUUID": "d647b340-e317-4a2f-a83a-b7ac3fe70367",
              "isHook": false,
              "skipped": false
            },
            {
              "title": "Should log in an existing user successfully",
              "fullTitle": "Testing API Routes Should log in an existing user successfully",
              "timedOut": false,
              "duration": 4,
              "state": "passed",
              "speed": "fast",
              "pass": true,
              "fail": false,
              "pending": false,
              "context": null,
              "code": "chai\n  .request(app)\n  .post(\"/login\")\n  .send({ email: orgContent[0].email, password: orgContent[0].password })\n  .end((err, res) => {\n    // Assertions for the test case\n    expect(err).to.be.null;\n    expect(res).to.have.status(201);\n    expect(res.body.message).to.equal(\"Login successful!\");\n    // Callback to indicate the end of the test\n    done();\n    // Close the server after the test\n    server.close();\n  });",
              "err": {},
              "uuid": "0fd2df4a-8f2d-4970-b48b-70d7600a65f3",
              "parentUUID": "d647b340-e317-4a2f-a83a-b7ac3fe70367",
              "isHook": false,
              "skipped": false
            }
          ],
          "suites": [],
          "passes": [
            "4cf274a0-6aef-4739-b613-7bb846e15d09",
            "0fd2df4a-8f2d-4970-b48b-70d7600a65f3"
          ],
          "failures": [],
          "pending": [],
          "skipped": [],
          "duration": 14,
          "root": false,
          "rootEmpty": false,
          "_timeout": 2000
        },
        {
          "uuid": "2186a186-38d4-440e-9502-ee26c919bca7",
          "title": "Testing Register Function",
          "fullFile": "C:\\Users\\Chun Kang\\Desktop\\DVOPS_Project\\tests\\userTests.test.js",
          "file": "\\tests\\userTests.test.js",
          "beforeHooks": [
            {
              "title": "\"before each\" hook in \"Testing Register Function\"",
              "fullTitle": "Testing Register Function \"before each\" hook in \"Testing Register Function\"",
              "timedOut": false,
              "duration": 1,
              "state": null,
              "speed": null,
              "pass": false,
              "fail": false,
              "pending": false,
              "context": null,
              "code": "orgContent = await fs.readFile(usersFilePath, \"utf8\");\norgContent = JSON.parse(orgContent);",
              "err": {},
              "uuid": "72047a81-8df9-4deb-8940-82130e349664",
              "parentUUID": "2186a186-38d4-440e-9502-ee26c919bca7",
              "isHook": true,
              "skipped": false
            }
          ],
          "afterHooks": [
            {
              "title": "\"after each\" hook in \"Testing Register Function\"",
              "fullTitle": "Testing Register Function \"after each\" hook in \"Testing Register Function\"",
              "timedOut": false,
              "duration": 2,
              "state": null,
              "speed": null,
              "pass": false,
              "fail": false,
              "pending": false,
              "context": null,
              "code": "await fs.writeFile(usersFilePath, JSON.stringify(orgContent), \"utf8\");",
              "err": {},
              "uuid": "a0e66f48-6026-438f-8686-1ec6aa28f641",
              "parentUUID": "2186a186-38d4-440e-9502-ee26c919bca7",
              "isHook": true,
              "skipped": false
            }
          ],
          "tests": [
            {
              "title": "Should register a new user successfully",
              "fullTitle": "Testing Register Function Should register a new user successfully",
              "timedOut": false,
              "duration": 2,
              "state": "passed",
              "speed": "fast",
              "pass": true,
              "fail": false,
              "pending": false,
              "context": null,
              "code": "// Mock request object with user registration data\nconst req = {\n    body: {\n        email: \"mary@gmail.com\",\n        password: \"123456\",\n    },\n};\n// Mock response object with assertions for successful registration\nconst res = {\n    status: function (code) {\n        expect(code).to.equal(201);\n        return this;\n    },\n    json: function (data) {\n        expect(data).to.have.lengthOf(orgContent.length + 1);\n        expect(data[orgContent.length].email).to.equal(req.body.email);\n        expect(data[orgContent.length].password).to.equal(req.body.password);\n    },\n};\n// Call the register function with the mock request and response\nawait register(req, res);",
              "err": {},
              "uuid": "6ed5a8a8-147a-4839-a5ce-2cf3d6e22d6a",
              "parentUUID": "2186a186-38d4-440e-9502-ee26c919bca7",
              "isHook": false,
              "skipped": false
            },
            {
              "title": "Should show validation error due to email",
              "fullTitle": "Testing Register Function Should show validation error due to email",
              "timedOut": false,
              "duration": 0,
              "state": "passed",
              "speed": "fast",
              "pass": true,
              "fail": false,
              "pending": false,
              "context": null,
              "code": "// Mock request object with invalid email format\nconst req = {\n    body: {\n        email: \"simon#gmail.com\",\n        password: \"123\",\n    },\n};\n// Mock response object with assertions for validation error\nconst res = {\n    status: function (code) {\n        expect(code).to.equal(500);\n        return this;\n    },\n    json: function (data) {\n        expect(data.message).to.equal(\"Validation error\");\n    },\n};\n// Call the register function with the mock request and response\nawait register(req, res);",
              "err": {},
              "uuid": "45419baa-e0ab-4b9d-86e2-7bb5167a41da",
              "parentUUID": "2186a186-38d4-440e-9502-ee26c919bca7",
              "isHook": false,
              "skipped": false
            },
            {
              "title": "Should show validation error due to password length",
              "fullTitle": "Testing Register Function Should show validation error due to password length",
              "timedOut": false,
              "duration": 0,
              "state": "passed",
              "speed": "fast",
              "pass": true,
              "fail": false,
              "pending": false,
              "context": null,
              "code": "// Mock request object with a short password\nconst req = {\n    body: {\n        email: \"simon@gmail.com\",\n        password: \"123\",\n    },\n};\n// Mock response object with assertions for validation error\nconst res = {\n    status: function (code) {\n        expect(code).to.equal(500);\n        return this;\n    },\n    json: function (data) {\n        expect(data.message).to.equal(\"Validation error\");\n    },\n};\n// Call the register function with the mock request and response\nawait register(req, res);",
              "err": {},
              "uuid": "749347d1-7130-465e-b1ab-7783bc4438a7",
              "parentUUID": "2186a186-38d4-440e-9502-ee26c919bca7",
              "isHook": false,
              "skipped": false
            }
          ],
          "suites": [],
          "passes": [
            "6ed5a8a8-147a-4839-a5ce-2cf3d6e22d6a",
            "45419baa-e0ab-4b9d-86e2-7bb5167a41da",
            "749347d1-7130-465e-b1ab-7783bc4438a7"
          ],
          "failures": [],
          "pending": [],
          "skipped": [],
          "duration": 2,
          "root": false,
          "rootEmpty": false,
          "_timeout": 2000
        },
        {
          "uuid": "b1f697ef-2feb-4352-8460-625ef6ca29f6",
          "title": "Testing Login Function",
          "fullFile": "C:\\Users\\Chun Kang\\Desktop\\DVOPS_Project\\tests\\userTests.test.js",
          "file": "\\tests\\userTests.test.js",
          "beforeHooks": [
            {
              "title": "\"before each\" hook in \"Testing Login Function\"",
              "fullTitle": "Testing Login Function \"before each\" hook in \"Testing Login Function\"",
              "timedOut": false,
              "duration": 1,
              "state": null,
              "speed": null,
              "pass": false,
              "fail": false,
              "pending": false,
              "context": null,
              "code": "orgContent = await fs.readFile(usersFilePath, \"utf8\");\norgContent = JSON.parse(orgContent);",
              "err": {},
              "uuid": "b3ee5f41-6e84-41c2-8c56-2676954a458c",
              "parentUUID": "b1f697ef-2feb-4352-8460-625ef6ca29f6",
              "isHook": true,
              "skipped": false
            }
          ],
          "afterHooks": [],
          "tests": [
            {
              "title": "Should login successfully",
              "fullTitle": "Testing Login Function Should login successfully",
              "timedOut": false,
              "duration": 0,
              "state": "passed",
              "speed": "fast",
              "pass": true,
              "fail": false,
              "pending": false,
              "context": null,
              "code": "// Mock request object with valid login credentials\nconst req = {\n    body: {\n        email: orgContent[0].email,\n        password: orgContent[0].password,\n    },\n};\n// Mock response object with assertions for successful login\nconst res = {\n    status: function (code) {\n        expect(code).to.equal(201);\n        return this;\n    },\n    json: function (data) {\n        expect(data.message).to.equal(\"Login successful!\");\n    },\n};\n// Call the login function with the mock request and response\nawait login(req, res);",
              "err": {},
              "uuid": "62b029ab-3526-480b-8473-d1bdb51fbed7",
              "parentUUID": "b1f697ef-2feb-4352-8460-625ef6ca29f6",
              "isHook": false,
              "skipped": false
            },
            {
              "title": "Should show invalid credentials",
              "fullTitle": "Testing Login Function Should show invalid credentials",
              "timedOut": false,
              "duration": 0,
              "state": "passed",
              "speed": "fast",
              "pass": true,
              "fail": false,
              "pending": false,
              "context": null,
              "code": "// Mock request object with invalid password\nconst req = {\n    body: {\n        email: orgContent[0].email,\n        password: \"abcdefg\",\n    },\n};\n// Mock response object with assertions for invalid credentials\nconst res = {\n    status: function (code) {\n        expect(code).to.equal(500);\n        return this;\n    },\n    json: function (data) {\n        expect(data.message).to.equal(\"Invalid credentials!\");\n    },\n};\n// Call the login function with the mock request and response\nawait login(req, res);",
              "err": {},
              "uuid": "2f27ec15-530d-4ba7-85d2-155aa14c8114",
              "parentUUID": "b1f697ef-2feb-4352-8460-625ef6ca29f6",
              "isHook": false,
              "skipped": false
            }
          ],
          "suites": [],
          "passes": [
            "62b029ab-3526-480b-8473-d1bdb51fbed7",
            "2f27ec15-530d-4ba7-85d2-155aa14c8114"
          ],
          "failures": [],
          "pending": [],
          "skipped": [],
          "duration": 0,
          "root": false,
          "rootEmpty": false,
          "_timeout": 2000
        }
      ],
      "passes": [],
      "failures": [],
      "pending": [],
      "skipped": [],
      "duration": 0,
      "root": true,
      "rootEmpty": true,
      "_timeout": 2000
    }
  ],
  "meta": {
    "mocha": {
      "version": "10.2.0"
    },
    "mochawesome": {
      "options": {
        "quiet": false,
        "reportFilename": "mochawesome",
        "saveHtml": true,
        "saveJson": true,
        "consoleReporter": "spec",
        "useInlineDiffs": false,
        "code": true
      },
      "version": "7.1.3"
    },
    "marge": {
      "options": null,
      "version": "6.2.0"
    }
  }
}